>>> Running Stream 5
Setting pipeline to PAUSED ...
Pipeline is PREROLLING ...
/GstPipeline:pipeline0/GstGvaWatermark:gvawatermark0/GstCapsFilter:capsfilter0: caps = video/x-raw(memory:VAMemory), format=(string)RGBA
Got context from element 'vapostproc1': gst.va.display.handle=context, gst-display=(GstObject)"\(GstVaDisplayDrm\)\ vadisplaydrm2", description=(string)"Intel\(R\)\ Gen\ Graphics", path=(string)/dev/dri/renderD128;
/GstPipeline:pipeline0/GstGvaWatermark:gvawatermark0/GstVaPostProc:vapostproc1: device-path = /dev/dri/renderD128
/GstPipeline:pipeline0/GstGvaWatermark:gvawatermark0/GstVaPostProc:vapostproc0: device-path = /dev/dri/renderD128
/GstPipeline:pipeline0/GstFPSDisplaySink:fpsdisplaysink0/GstXvImageSink:xvimagesink0: sync = false
/GstPipeline:pipeline0/GstDecodeBin:decodebin0/GstTypeFindElement:typefind.GstPad:src: caps = video/quicktime, variant=(string)iso
/GstPipeline:pipeline0/GstDecodeBin:decodebin0/GstTypeFindElement:typefind.GstPad:src: caps = NULL
/GstPipeline:pipeline0/GstDecodeBin:decodebin0/GstMultiQueue:multiqueue0.GstMultiQueuePad:src_0: caps = video/x-h264, stream-format=(string)avc, alignment=(string)au, level=(string)5.1, profile=(string)baseline, codec_data=(buffer)01420033ffe10013674200338d6803c0043e9a80808083c2211a8001000468ca43c8, width=(int)3840, height=(int)2160, framerate=(fraction)60/1, pixel-aspect-ratio=(fraction)1/1
Redistribute latency...
/GstPipeline:pipeline0/GstDecodeBin:decodebin0/GstH264Parse:h264parse0.GstPad:src: caps = video/x-h264, stream-format=(string)avc, alignment=(string)au, level=(string)5.1, profile=(string)baseline, codec_data=(buffer)01420033ffe10013674200338d6803c0043e9a80808083c2211a8001000468ca43c8, width=(int)3840, height=(int)2160, framerate=(fraction)60/1, pixel-aspect-ratio=(fraction)1/1, coded-picture-structure=(string)frame, chroma-format=(string)4:2:0, bit-depth-luma=(uint)8, bit-depth-chroma=(uint)8, colorimetry=(string)bt709, parsed=(boolean)true
/GstPipeline:pipeline0/GstDecodeBin:decodebin0/GstVaH264Dec:vah264dec0: device-path = /dev/dri/renderD128
Redistribute latency...
/GstPipeline:pipeline0/GstDecodeBin:decodebin0/GstVaH264Dec:vah264dec0.GstPad:sink: caps = video/x-h264, stream-format=(string)avc, alignment=(string)au, level=(string)5.1, profile=(string)baseline, codec_data=(buffer)01420033ffe10013674200338d6803c0043e9a80808083c2211a8001000468ca43c8, width=(int)3840, height=(int)2160, framerate=(fraction)60/1, pixel-aspect-ratio=(fraction)1/1, coded-picture-structure=(string)frame, chroma-format=(string)4:2:0, bit-depth-luma=(uint)8, bit-depth-chroma=(uint)8, colorimetry=(string)bt709, parsed=(boolean)true
/GstPipeline:pipeline0/GstDecodeBin:decodebin0/GstCapsFilter:capsfilter1.GstPad:src: caps = video/x-h264, stream-format=(string)avc, alignment=(string)au, level=(string)5.1, profile=(string)baseline, codec_data=(buffer)01420033ffe10013674200338d6803c0043e9a80808083c2211a8001000468ca43c8, width=(int)3840, height=(int)2160, framerate=(fraction)60/1, pixel-aspect-ratio=(fraction)1/1, coded-picture-structure=(string)frame, chroma-format=(string)4:2:0, bit-depth-luma=(uint)8, bit-depth-chroma=(uint)8, colorimetry=(string)bt709, parsed=(boolean)true
/GstPipeline:pipeline0/GstDecodeBin:decodebin0/GstCapsFilter:capsfilter1.GstPad:sink: caps = video/x-h264, stream-format=(string)avc, alignment=(string)au, level=(string)5.1, profile=(string)baseline, codec_data=(buffer)01420033ffe10013674200338d6803c0043e9a80808083c2211a8001000468ca43c8, width=(int)3840, height=(int)2160, framerate=(fraction)60/1, pixel-aspect-ratio=(fraction)1/1, coded-picture-structure=(string)frame, chroma-format=(string)4:2:0, bit-depth-luma=(uint)8, bit-depth-chroma=(uint)8, colorimetry=(string)bt709, parsed=(boolean)true
/GstPipeline:pipeline0/GstDecodeBin:decodebin0/GstH264Parse:h264parse0.GstPad:sink: caps = video/x-h264, stream-format=(string)avc, alignment=(string)au, level=(string)5.1, profile=(string)baseline, codec_data=(buffer)01420033ffe10013674200338d6803c0043e9a80808083c2211a8001000468ca43c8, width=(int)3840, height=(int)2160, framerate=(fraction)60/1, pixel-aspect-ratio=(fraction)1/1
/GstPipeline:pipeline0/GstDecodeBin:decodebin0/GstMultiQueue:multiqueue0.GstMultiQueuePad:src_1: caps = audio/mpeg, mpegversion=(int)4, framed=(boolean)true, stream-format=(string)raw, level=(string)2, base-profile=(string)lc, profile=(string)lc, codec_data=(buffer)1210, rate=(int)44100, channels=(int)2
/GstPipeline:pipeline0/GstDecodeBin:decodebin0/avdec_aac:avdec_aac0.GstPad:sink: caps = audio/mpeg, mpegversion=(int)4, framed=(boolean)true, stream-format=(string)raw, level=(string)2, base-profile=(string)lc, profile=(string)lc, codec_data=(buffer)1210, rate=(int)44100, channels=(int)2
/GstPipeline:pipeline0/GstDecodeBin:decodebin0/GstAacParse:aacparse0.GstPad:src: caps = audio/mpeg, mpegversion=(int)4, framed=(boolean)true, stream-format=(string)raw, level=(string)2, base-profile=(string)lc, profile=(string)lc, codec_data=(buffer)1210, rate=(int)44100, channels=(int)2
/GstPipeline:pipeline0/GstDecodeBin:decodebin0/GstAacParse:aacparse0.GstPad:sink: caps = audio/mpeg, mpegversion=(int)4, framed=(boolean)true, stream-format=(string)raw, level=(string)2, base-profile=(string)lc, profile=(string)lc, codec_data=(buffer)1210, rate=(int)44100, channels=(int)2
/GstPipeline:pipeline0/GstDecodeBin:decodebin0/GstMultiQueue:multiqueue0: max-size-buffers = 5
/GstPipeline:pipeline0/GstDecodeBin:decodebin0/GstMultiQueue:multiqueue0: max-size-time = 0
/GstPipeline:pipeline0/GstDecodeBin:decodebin0/GstMultiQueue:multiqueue0: max-size-bytes = 8388608
/GstPipeline:pipeline0/GstDecodeBin:decodebin0/GstMultiQueue:multiqueue0.GstMultiQueuePad:sink_0: caps = video/x-h264, stream-format=(string)avc, alignment=(string)au, level=(string)5.1, profile=(string)baseline, codec_data=(buffer)01420033ffe10013674200338d6803c0043e9a80808083c2211a8001000468ca43c8, width=(int)3840, height=(int)2160, framerate=(fraction)60/1, pixel-aspect-ratio=(fraction)1/1
/GstPipeline:pipeline0/GstDecodeBin:decodebin0/GstMultiQueue:multiqueue0.GstMultiQueuePad:sink_1: caps = audio/mpeg, mpegversion=(int)4, framed=(boolean)true, stream-format=(string)raw, level=(string)2, base-profile=(string)lc, profile=(string)lc, codec_data=(buffer)1210, rate=(int)44100, channels=(int)2
Redistribute latency...
/GstPipeline:pipeline0/GstDecodeBin:decodebin0/GstMultiQueue:multiqueue0: max-size-buffers = 5
/GstPipeline:pipeline0/GstDecodeBin:decodebin0/GstMultiQueue:multiqueue0: max-size-time = 0
/GstPipeline:pipeline0/GstDecodeBin:decodebin0/GstMultiQueue:multiqueue0: max-size-bytes = 8388608
/GstPipeline:pipeline0/GstDecodeBin:decodebin0/GstAacParse:aacparse0.GstPad:src: caps = audio/mpeg, mpegversion=(int)4, framed=(boolean)true, stream-format=(string)raw, level=(string)2, base-profile=(string)lc, profile=(string)lc, codec_data=(buffer)1210, rate=(int)44100, channels=(int)2
/GstPipeline:pipeline0/GstDecodeBin:decodebin0/avdec_aac:avdec_aac0.GstPad:sink: caps = audio/mpeg, mpegversion=(int)4, framed=(boolean)true, stream-format=(string)raw, level=(string)2, base-profile=(string)lc, profile=(string)lc, codec_data=(buffer)1210, rate=(int)44100, channels=(int)2
/GstPipeline:pipeline0/GstDecodeBin:decodebin0/avdec_aac:avdec_aac0.GstPad:src: caps = audio/x-raw, format=(string)F32LE, layout=(string)non-interleaved, rate=(int)44100, channels=(int)2, channel-mask=(bitmask)0x0000000000000003
/GstPipeline:pipeline0/GstDecodeBin:decodebin0/GstVaH264Dec:vah264dec0.GstPad:src: caps = video/x-raw, format=(string)NV12, width=(int)3840, height=(int)2160, interlace-mode=(string)progressive, multiview-mode=(string)mono, multiview-flags=(GstVideoMultiviewFlagsSet)0:ffffffff:/right-view-first/left-flipped/left-flopped/right-flipped/right-flopped/half-aspect/mixed-mono, pixel-aspect-ratio=(fraction)1/1, colorimetry=(string)bt709, framerate=(fraction)60/1
/GstPipeline:pipeline0/GstGvaDetect:gvadetect0.GstPad:src: caps = video/x-raw, format=(string)NV12, width=(int)3840, height=(int)2160, interlace-mode=(string)progressive, multiview-mode=(string)mono, multiview-flags=(GstVideoMultiviewFlagsSet)0:ffffffff:/right-view-first/left-flipped/left-flopped/right-flipped/right-flopped/half-aspect/mixed-mono, pixel-aspect-ratio=(fraction)1/1, colorimetry=(string)bt709, framerate=(fraction)60/1
/GstPipeline:pipeline0/GstQueue:queue0.GstPad:sink: caps = video/x-raw, format=(string)NV12, width=(int)3840, height=(int)2160, interlace-mode=(string)progressive, multiview-mode=(string)mono, multiview-flags=(GstVideoMultiviewFlagsSet)0:ffffffff:/right-view-first/left-flipped/left-flopped/right-flipped/right-flopped/half-aspect/mixed-mono, pixel-aspect-ratio=(fraction)1/1, colorimetry=(string)bt709, framerate=(fraction)60/1
/GstPipeline:pipeline0/GstQueue:queue0.GstPad:src: caps = video/x-raw, format=(string)NV12, width=(int)3840, height=(int)2160, interlace-mode=(string)progressive, multiview-mode=(string)mono, multiview-flags=(GstVideoMultiviewFlagsSet)0:ffffffff:/right-view-first/left-flipped/left-flopped/right-flipped/right-flopped/half-aspect/mixed-mono, pixel-aspect-ratio=(fraction)1/1, colorimetry=(string)bt709, framerate=(fraction)60/1
/GstPipeline:pipeline0/GstQueue:queue0.GstPad:src: caps = video/x-raw, format=(string)NV12, width=(int)3840, height=(int)2160, interlace-mode=(string)progressive, multiview-mode=(string)mono, multiview-flags=(GstVideoMultiviewFlagsSet)0:ffffffff:/right-view-first/left-flipped/left-flopped/right-flipped/right-flopped/half-aspect/mixed-mono, pixel-aspect-ratio=(fraction)1/1, colorimetry=(string)bt709, framerate=(fraction)60/1
/GstPipeline:pipeline0/GstGvaClassify:gvaclassify0.GstPad:src: caps = video/x-raw, format=(string)NV12, width=(int)3840, height=(int)2160, interlace-mode=(string)progressive, multiview-mode=(string)mono, multiview-flags=(GstVideoMultiviewFlagsSet)0:ffffffff:/right-view-first/left-flipped/left-flopped/right-flipped/right-flopped/half-aspect/mixed-mono, pixel-aspect-ratio=(fraction)1/1, colorimetry=(string)bt709, framerate=(fraction)60/1
/GstPipeline:pipeline0/GstQueue:queue1.GstPad:sink: caps = video/x-raw, format=(string)NV12, width=(int)3840, height=(int)2160, interlace-mode=(string)progressive, multiview-mode=(string)mono, multiview-flags=(GstVideoMultiviewFlagsSet)0:ffffffff:/right-view-first/left-flipped/left-flopped/right-flipped/right-flopped/half-aspect/mixed-mono, pixel-aspect-ratio=(fraction)1/1, colorimetry=(string)bt709, framerate=(fraction)60/1
/GstPipeline:pipeline0/GstGvaClassify:gvaclassify0.GstPad:sink: caps = video/x-raw, format=(string)NV12, width=(int)3840, height=(int)2160, interlace-mode=(string)progressive, multiview-mode=(string)mono, multiview-flags=(GstVideoMultiviewFlagsSet)0:ffffffff:/right-view-first/left-flipped/left-flopped/right-flipped/right-flopped/half-aspect/mixed-mono, pixel-aspect-ratio=(fraction)1/1, colorimetry=(string)bt709, framerate=(fraction)60/1
/GstPipeline:pipeline0/GstQueue:queue1.GstPad:src: caps = video/x-raw, format=(string)NV12, width=(int)3840, height=(int)2160, interlace-mode=(string)progressive, multiview-mode=(string)mono, multiview-flags=(GstVideoMultiviewFlagsSet)0:ffffffff:/right-view-first/left-flipped/left-flopped/right-flipped/right-flopped/half-aspect/mixed-mono, pixel-aspect-ratio=(fraction)1/1, colorimetry=(string)bt709, framerate=(fraction)60/1
/GstPipeline:pipeline0/GstGvaWatermark:gvawatermark0.GstGhostPad:sink.GstProxyPad:proxypad1: caps = video/x-raw, format=(string)NV12, width=(int)3840, height=(int)2160, interlace-mode=(string)progressive, multiview-mode=(string)mono, multiview-flags=(GstVideoMultiviewFlagsSet)0:ffffffff:/right-view-first/left-flipped/left-flopped/right-flipped/right-flopped/half-aspect/mixed-mono, pixel-aspect-ratio=(fraction)1/1, colorimetry=(string)bt709, framerate=(fraction)60/1
/GstPipeline:pipeline0/GstGvaWatermark:gvawatermark0/GstIdentity:identity0.GstPad:src: caps = video/x-raw, format=(string)NV12, width=(int)3840, height=(int)2160, interlace-mode=(string)progressive, multiview-mode=(string)mono, multiview-flags=(GstVideoMultiviewFlagsSet)0:ffffffff:/right-view-first/left-flipped/left-flopped/right-flipped/right-flopped/half-aspect/mixed-mono, pixel-aspect-ratio=(fraction)1/1, colorimetry=(string)bt709, framerate=(fraction)60/1
/GstPipeline:pipeline0/GstGvaWatermark:gvawatermark0/GstVaPostProc:vapostproc0.GstPad:src: caps = video/x-raw(memory:VAMemory), width=(int)3840, height=(int)2160, interlace-mode=(string)progressive, multiview-mode=(string)mono, multiview-flags=(GstVideoMultiviewFlagsSet)0:ffffffff:/right-view-first/left-flipped/left-flopped/right-flipped/right-flopped/half-aspect/mixed-mono, pixel-aspect-ratio=(fraction)1/1, framerate=(fraction)60/1, format=(string)RGBA, colorimetry=(string)1:1:5:1
/GstPipeline:pipeline0/GstGvaWatermark:gvawatermark0/GstCapsFilter:capsfilter0.GstPad:src: caps = video/x-raw(memory:VAMemory), width=(int)3840, height=(int)2160, interlace-mode=(string)progressive, multiview-mode=(string)mono, multiview-flags=(GstVideoMultiviewFlagsSet)0:ffffffff:/right-view-first/left-flipped/left-flopped/right-flipped/right-flopped/half-aspect/mixed-mono, pixel-aspect-ratio=(fraction)1/1, framerate=(fraction)60/1, format=(string)RGBA, colorimetry=(string)1:1:5:1
/GstPipeline:pipeline0/GstGvaWatermark:gvawatermark0/GstGvaWatermarkImpl:gvawatermarkimpl0.GstPad:src: caps = video/x-raw(memory:VAMemory), width=(int)3840, height=(int)2160, interlace-mode=(string)progressive, multiview-mode=(string)mono, multiview-flags=(GstVideoMultiviewFlagsSet)0:ffffffff:/right-view-first/left-flipped/left-flopped/right-flipped/right-flopped/half-aspect/mixed-mono, pixel-aspect-ratio=(fraction)1/1, framerate=(fraction)60/1, format=(string)RGBA, colorimetry=(string)1:1:5:1
/GstPipeline:pipeline0/GstGvaWatermark:gvawatermark0/GstVaPostProc:vapostproc1.GstPad:src: caps = video/x-raw, width=(int)3840, height=(int)2160, interlace-mode=(string)progressive, multiview-mode=(string)mono, multiview-flags=(GstVideoMultiviewFlagsSet)0:ffffffff:/right-view-first/left-flipped/left-flopped/right-flipped/right-flopped/half-aspect/mixed-mono, pixel-aspect-ratio=(fraction)1/1, framerate=(fraction)60/1, format=(string)RGBA, colorimetry=(string)1:1:5:1
/GstPipeline:pipeline0/GstGvaWatermark:gvawatermark0.GstGhostPad:src: caps = video/x-raw, width=(int)3840, height=(int)2160, interlace-mode=(string)progressive, multiview-mode=(string)mono, multiview-flags=(GstVideoMultiviewFlagsSet)0:ffffffff:/right-view-first/left-flipped/left-flopped/right-flipped/right-flopped/half-aspect/mixed-mono, pixel-aspect-ratio=(fraction)1/1, framerate=(fraction)60/1, format=(string)RGBA, colorimetry=(string)1:1:5:1
/GstPipeline:pipeline0/GstVideoConvert:videoconvert0.GstPad:src: caps = video/x-raw, width=(int)3840, height=(int)2160, interlace-mode=(string)progressive, multiview-mode=(string)mono, multiview-flags=(GstVideoMultiviewFlagsSet)0:ffffffff:/right-view-first/left-flipped/left-flopped/right-flipped/right-flopped/half-aspect/mixed-mono, pixel-aspect-ratio=(fraction)1/1, framerate=(fraction)60/1, format=(string)YV12, colorimetry=(string)bt709
/GstPipeline:pipeline0/GstFPSDisplaySink:fpsdisplaysink0.GstGhostPad:sink.GstProxyPad:proxypad3: caps = video/x-raw, width=(int)3840, height=(int)2160, interlace-mode=(string)progressive, multiview-mode=(string)mono, multiview-flags=(GstVideoMultiviewFlagsSet)0:ffffffff:/right-view-first/left-flipped/left-flopped/right-flipped/right-flopped/half-aspect/mixed-mono, pixel-aspect-ratio=(fraction)1/1, framerate=(fraction)60/1, format=(string)YV12, colorimetry=(string)bt709
/GstPipeline:pipeline0/GstFPSDisplaySink:fpsdisplaysink0/GstXvImageSink:xvimagesink0.GstPad:sink: caps = video/x-raw, width=(int)3840, height=(int)2160, interlace-mode=(string)progressive, multiview-mode=(string)mono, multiview-flags=(GstVideoMultiviewFlagsSet)0:ffffffff:/right-view-first/left-flipped/left-flopped/right-flipped/right-flopped/half-aspect/mixed-mono, pixel-aspect-ratio=(fraction)1/1, framerate=(fraction)60/1, format=(string)YV12, colorimetry=(string)bt709
/GstPipeline:pipeline0/GstFPSDisplaySink:fpsdisplaysink0.GstGhostPad:sink: caps = video/x-raw, width=(int)3840, height=(int)2160, interlace-mode=(string)progressive, multiview-mode=(string)mono, multiview-flags=(GstVideoMultiviewFlagsSet)0:ffffffff:/right-view-first/left-flipped/left-flopped/right-flipped/right-flopped/half-aspect/mixed-mono, pixel-aspect-ratio=(fraction)1/1, framerate=(fraction)60/1, format=(string)YV12, colorimetry=(string)bt709
/GstPipeline:pipeline0/GstVideoConvert:videoconvert0.GstPad:sink: caps = video/x-raw, width=(int)3840, height=(int)2160, interlace-mode=(string)progressive, multiview-mode=(string)mono, multiview-flags=(GstVideoMultiviewFlagsSet)0:ffffffff:/right-view-first/left-flipped/left-flopped/right-flipped/right-flopped/half-aspect/mixed-mono, pixel-aspect-ratio=(fraction)1/1, framerate=(fraction)60/1, format=(string)RGBA, colorimetry=(string)1:1:5:1
/GstPipeline:pipeline0/GstGvaWatermark:gvawatermark0.GstGhostPad:src.GstProxyPad:proxypad2: caps = video/x-raw, width=(int)3840, height=(int)2160, interlace-mode=(string)progressive, multiview-mode=(string)mono, multiview-flags=(GstVideoMultiviewFlagsSet)0:ffffffff:/right-view-first/left-flipped/left-flopped/right-flipped/right-flopped/half-aspect/mixed-mono, pixel-aspect-ratio=(fraction)1/1, framerate=(fraction)60/1, format=(string)RGBA, colorimetry=(string)1:1:5:1
/GstVaPostProc:vapostproc1.GstPad:sink: caps = video/x-raw(memory:VAMemory), width=(int)3840, height=(int)2160, interlace-mode=(string)progressive, multiview-mode=(string)mono, multiview-flags=(GstVideoMultiviewFlagsSet)0:ffffffff:/right-view-first/left-flipped/left-flopped/right-flipped/right-flopped/half-aspect/mixed-mono, pixel-aspect-ratio=(fraction)1/1, framerate=(fraction)60/1, format=(string)RGBA, colorimetry=(string)1:1:5:1
/GstPipeline:pipeline0/GstGvaWatermark:gvawatermark0/GstGvaWatermarkImpl:gvawatermarkimpl0.GstPad:sink: caps = video/x-raw(memory:VAMemory), width=(int)3840, height=(int)2160, interlace-mode=(string)progressive, multiview-mode=(string)mono, multiview-flags=(GstVideoMultiviewFlagsSet)0:ffffffff:/right-view-first/left-flipped/left-flopped/right-flipped/right-flopped/half-aspect/mixed-mono, pixel-aspect-ratio=(fraction)1/1, framerate=(fraction)60/1, format=(string)RGBA, colorimetry=(string)1:1:5:1
/GstCapsFilter:capsfilter0.GstPad:sink: caps = video/x-raw(memory:VAMemory), width=(int)3840, height=(int)2160, interlace-mode=(string)progressive, multiview-mode=(string)mono, multiview-flags=(GstVideoMultiviewFlagsSet)0:ffffffff:/right-view-first/left-flipped/left-flopped/right-flipped/right-flopped/half-aspect/mixed-mono, pixel-aspect-ratio=(fraction)1/1, framerate=(fraction)60/1, format=(string)RGBA, colorimetry=(string)1:1:5:1
/GstVaPostProc:vapostproc0.GstPad:sink: caps = video/x-raw, format=(string)NV12, width=(int)3840, height=(int)2160, interlace-mode=(string)progressive, multiview-mode=(string)mono, multiview-flags=(GstVideoMultiviewFlagsSet)0:ffffffff:/right-view-first/left-flipped/left-flopped/right-flipped/right-flopped/half-aspect/mixed-mono, pixel-aspect-ratio=(fraction)1/1, colorimetry=(string)bt709, framerate=(fraction)60/1
/GstPipeline:pipeline0/GstGvaWatermark:gvawatermark0/GstIdentity:identity0.GstPad:sink: caps = video/x-raw, format=(string)NV12, width=(int)3840, height=(int)2160, interlace-mode=(string)progressive, multiview-mode=(string)mono, multiview-flags=(GstVideoMultiviewFlagsSet)0:ffffffff:/right-view-first/left-flipped/left-flopped/right-flipped/right-flopped/half-aspect/mixed-mono, pixel-aspect-ratio=(fraction)1/1, colorimetry=(string)bt709, framerate=(fraction)60/1
/GstPipeline:pipeline0/GstGvaWatermark:gvawatermark0.GstGhostPad:sink: caps = video/x-raw, format=(string)NV12, width=(int)3840, height=(int)2160, interlace-mode=(string)progressive, multiview-mode=(string)mono, multiview-flags=(GstVideoMultiviewFlagsSet)0:ffffffff:/right-view-first/left-flipped/left-flopped/right-flipped/right-flopped/half-aspect/mixed-mono, pixel-aspect-ratio=(fraction)1/1, colorimetry=(string)bt709, framerate=(fraction)60/1
/GstVaPostProc:vapostproc0.GstPad:src: caps = NULL
/GstVaPostProc:vapostproc0.GstPad:sink: caps = NULL
/GstVaPostProc:vapostproc0: device-path = /dev/dri/renderD128
/GstCapsFilter:capsfilter0.GstPad:src: caps = NULL
/GstCapsFilter:capsfilter0.GstPad:sink: caps = NULL
/GstVaPostProc:vapostproc1.GstPad:src: caps = NULL
/GstVaPostProc:vapostproc1.GstPad:sink: caps = NULL
/GstVaPostProc:vapostproc1: device-path = /dev/dri/renderD128
/GstPipeline:pipeline0/GstGvaWatermark:gvawatermark0/GstVaPostProc:vapostproc2: device-path = /dev/dri/renderD128
/GstPipeline:pipeline0/GstGvaWatermark:gvawatermark0/GstGvaWatermarkImpl:gvawatermarkimpl0.GstPad:src: caps = video/x-raw, format=(string)NV12, width=(int)3840, height=(int)2160, interlace-mode=(string)progressive, multiview-mode=(string)mono, multiview-flags=(GstVideoMultiviewFlagsSet)0:ffffffff:/right-view-first/left-flipped/left-flopped/right-flipped/right-flopped/half-aspect/mixed-mono, pixel-aspect-ratio=(fraction)1/1, colorimetry=(string)bt709, framerate=(fraction)60/1
/GstPipeline:pipeline0/GstGvaWatermark:gvawatermark0/GstVaPostProc:vapostproc2.GstPad:src: caps = video/x-raw, format=(string)NV12, width=(int)3840, height=(int)2160, interlace-mode=(string)progressive, multiview-mode=(string)mono, multiview-flags=(GstVideoMultiviewFlagsSet)0:ffffffff:/right-view-first/left-flipped/left-flopped/right-flipped/right-flopped/half-aspect/mixed-mono, pixel-aspect-ratio=(fraction)1/1, colorimetry=(string)bt709, framerate=(fraction)60/1
/GstPipeline:pipeline0/GstGvaWatermark:gvawatermark0.GstGhostPad:src: caps = video/x-raw, format=(string)NV12, width=(int)3840, height=(int)2160, interlace-mode=(string)progressive, multiview-mode=(string)mono, multiview-flags=(GstVideoMultiviewFlagsSet)0:ffffffff:/right-view-first/left-flipped/left-flopped/right-flipped/right-flopped/half-aspect/mixed-mono, pixel-aspect-ratio=(fraction)1/1, colorimetry=(string)bt709, framerate=(fraction)60/1
/GstPipeline:pipeline0/GstVideoConvert:videoconvert0.GstPad:src: caps = video/x-raw, format=(string)NV12, width=(int)3840, height=(int)2160, interlace-mode=(string)progressive, multiview-mode=(string)mono, multiview-flags=(GstVideoMultiviewFlagsSet)0:ffffffff:/right-view-first/left-flipped/left-flopped/right-flipped/right-flopped/half-aspect/mixed-mono, pixel-aspect-ratio=(fraction)1/1, colorimetry=(string)bt709, framerate=(fraction)60/1
/GstPipeline:pipeline0/GstFPSDisplaySink:fpsdisplaysink0.GstGhostPad:sink.GstProxyPad:proxypad3: caps = video/x-raw, format=(string)NV12, width=(int)3840, height=(int)2160, interlace-mode=(string)progressive, multiview-mode=(string)mono, multiview-flags=(GstVideoMultiviewFlagsSet)0:ffffffff:/right-view-first/left-flipped/left-flopped/right-flipped/right-flopped/half-aspect/mixed-mono, pixel-aspect-ratio=(fraction)1/1, colorimetry=(string)bt709, framerate=(fraction)60/1
/GstPipeline:pipeline0/GstFPSDisplaySink:fpsdisplaysink0/GstXvImageSink:xvimagesink0.GstPad:sink: caps = video/x-raw, format=(string)NV12, width=(int)3840, height=(int)2160, interlace-mode=(string)progressive, multiview-mode=(string)mono, multiview-flags=(GstVideoMultiviewFlagsSet)0:ffffffff:/right-view-first/left-flipped/left-flopped/right-flipped/right-flopped/half-aspect/mixed-mono, pixel-aspect-ratio=(fraction)1/1, colorimetry=(string)bt709, framerate=(fraction)60/1
/GstPipeline:pipeline0/GstFPSDisplaySink:fpsdisplaysink0.GstGhostPad:sink: caps = video/x-raw, format=(string)NV12, width=(int)3840, height=(int)2160, interlace-mode=(string)progressive, multiview-mode=(string)mono, multiview-flags=(GstVideoMultiviewFlagsSet)0:ffffffff:/right-view-first/left-flipped/left-flopped/right-flipped/right-flopped/half-aspect/mixed-mono, pixel-aspect-ratio=(fraction)1/1, colorimetry=(string)bt709, framerate=(fraction)60/1
/GstPipeline:pipeline0/GstVideoConvert:videoconvert0.GstPad:sink: caps = video/x-raw, format=(string)NV12, width=(int)3840, height=(int)2160, interlace-mode=(string)progressive, multiview-mode=(string)mono, multiview-flags=(GstVideoMultiviewFlagsSet)0:ffffffff:/right-view-first/left-flipped/left-flopped/right-flipped/right-flopped/half-aspect/mixed-mono, pixel-aspect-ratio=(fraction)1/1, colorimetry=(string)bt709, framerate=(fraction)60/1
/GstPipeline:pipeline0/GstGvaWatermark:gvawatermark0.GstGhostPad:src.GstProxyPad:proxypad2: caps = video/x-raw, format=(string)NV12, width=(int)3840, height=(int)2160, interlace-mode=(string)progressive, multiview-mode=(string)mono, multiview-flags=(GstVideoMultiviewFlagsSet)0:ffffffff:/right-view-first/left-flipped/left-flopped/right-flipped/right-flopped/half-aspect/mixed-mono, pixel-aspect-ratio=(fraction)1/1, colorimetry=(string)bt709, framerate=(fraction)60/1
/GstPipeline:pipeline0/GstGvaWatermark:gvawatermark0/GstVaPostProc:vapostproc2.GstPad:sink: caps = video/x-raw, format=(string)NV12, width=(int)3840, height=(int)2160, interlace-mode=(string)progressive, multiview-mode=(string)mono, multiview-flags=(GstVideoMultiviewFlagsSet)0:ffffffff:/right-view-first/left-flipped/left-flopped/right-flipped/right-flopped/half-aspect/mixed-mono, pixel-aspect-ratio=(fraction)1/1, colorimetry=(string)bt709, framerate=(fraction)60/1
/GstPipeline:pipeline0/GstGvaWatermark:gvawatermark0/GstGvaWatermarkImpl:gvawatermarkimpl0.GstPad:sink: caps = video/x-raw, format=(string)NV12, width=(int)3840, height=(int)2160, interlace-mode=(string)progressive, multiview-mode=(string)mono, multiview-flags=(GstVideoMultiviewFlagsSet)0:ffffffff:/right-view-first/left-flipped/left-flopped/right-flipped/right-flopped/half-aspect/mixed-mono, pixel-aspect-ratio=(fraction)1/1, colorimetry=(string)bt709, framerate=(fraction)60/1
Pipeline is PREROLLED ...
Setting pipeline to PLAYING ...
Redistribute latency...
New clock: GstSystemClock
/GstPipeline:pipeline0/GstFPSDisplaySink:fpsdisplaysink0/GstXvImageSink:xvimagesink0: sync = false
/GstPipeline:pipeline0/GstFPSDisplaySink:fpsdisplaysink0: last-message = rendered: 2, dropped: 0, current: 1.83, average: 1.83
/GstPipeline:pipeline0/GstFPSDisplaySink:fpsdisplaysink0: last-message = rendered: 4, dropped: 0, current: 1.25, average: 1.48
/GstPipeline:pipeline0/GstFPSDisplaySink:fpsdisplaysink0: last-message = rendered: 5, dropped: 0, current: 1.59, average: 1.50
/GstPipeline:pipeline0/GstFPSDisplaySink:fpsdisplaysink0: last-message = rendered: 7, dropped: 0, current: 3.55, average: 1.80
/GstPipeline:pipeline0/GstFPSDisplaySink:fpsdisplaysink0: last-message = rendered: 10, dropped: 0, current: 3.24, average: 2.08
/GstPipeline:pipeline0/GstFPSDisplaySink:fpsdisplaysink0: last-message = rendered: 11, dropped: 0, current: 1.51, average: 2.01
/GstPipeline:pipeline0/GstFPSDisplaySink:fpsdisplaysink0: last-message = rendered: 13, dropped: 0, current: 1.53, average: 1.92
/GstPipeline:pipeline0/GstFPSDisplaySink:fpsdisplaysink0: last-message = rendered: 14, dropped: 0, current: 1.79, average: 1.91
/GstPipeline:pipeline0/GstFPSDisplaySink:fpsdisplaysink0: last-message = rendered: 16, dropped: 0, current: 3.65, average: 2.03
/GstPipeline:pipeline0/GstFPSDisplaySink:fpsdisplaysink0: last-message = rendered: 18, dropped: 0, current: 1.74, average: 1.99
/GstPipeline:pipeline0/GstFPSDisplaySink:fpsdisplaysink0: last-message = rendered: 19, dropped: 0, current: 1.61, average: 1.97
/GstPipeline:pipeline0/GstFPSDisplaySink:fpsdisplaysink0: last-message = rendered: 20, dropped: 0, current: 1.57, average: 1.94
/GstPipeline:pipeline0/GstFPSDisplaySink:fpsdisplaysink0: last-message = rendered: 21, dropped: 0, current: 1.76, average: 1.93
/GstPipeline:pipeline0/GstFPSDisplaySink:fpsdisplaysink0: last-message = rendered: 23, dropped: 0, current: 2.31, average: 1.96
/GstPipeline:pipeline0/GstFPSDisplaySink:fpsdisplaysink0: last-message = rendered: 24, dropped: 0, current: 1.62, average: 1.94
/GstPipeline:pipeline0/GstFPSDisplaySink:fpsdisplaysink0: last-message = rendered: 25, dropped: 0, current: 0.79, average: 1.84
/GstPipeline:pipeline0/GstFPSDisplaySink:fpsdisplaysink0: last-message = rendered: 26, dropped: 0, current: 0.17, average: 1.32
/GstPipeline:pipeline0/GstFPSDisplaySink:fpsdisplaysink0: last-message = rendered: 27, dropped: 0, current: 0.98, average: 1.31
/GstPipeline:pipeline0/GstFPSDisplaySink:fpsdisplaysink0: last-message = rendered: 28, dropped: 0, current: 0.33, average: 1.18
/GstPipeline:pipeline0/GstFPSDisplaySink:fpsdisplaysink0: last-message = rendered: 29, dropped: 0, current: 1.03, average: 1.17
/GstPipeline:pipeline0/GstFPSDisplaySink:fpsdisplaysink0: last-message = rendered: 30, dropped: 0, current: 1.86, average: 1.19
/GstPipeline:pipeline0/GstFPSDisplaySink:fpsdisplaysink0: last-message = rendered: 32, dropped: 0, current: 1.06, average: 1.18
/GstPipeline:pipeline0/GstFPSDisplaySink:fpsdisplaysink0: last-message = rendered: 34, dropped: 0, current: 2.92, average: 1.22
/GstPipeline:pipeline0/GstFPSDisplaySink:fpsdisplaysink0: last-message = rendered: 35, dropped: 0, current: 1.57, average: 1.23
/GstPipeline:pipeline0/GstFPSDisplaySink:fpsdisplaysink0: last-message = rendered: 36, dropped: 0, current: 1.58, average: 1.24
/GstPipeline:pipeline0/GstFPSDisplaySink:fpsdisplaysink0: last-message = rendered: 37, dropped: 0, current: 1.78, average: 1.25
/GstPipeline:pipeline0/GstFPSDisplaySink:fpsdisplaysink0: last-message = rendered: 38, dropped: 0, current: 0.98, average: 1.24
/GstPipeline:pipeline0/GstFPSDisplaySink:fpsdisplaysink0: last-message = rendered: 39, dropped: 0, current: 1.18, average: 1.24
/GstPipeline:pipeline0/GstFPSDisplaySink:fpsdisplaysink0: last-message = rendered: 40, dropped: 0, current: 1.43, average: 1.24
/GstPipeline:pipeline0/GstFPSDisplaySink:fpsdisplaysink0: last-message = rendered: 41, dropped: 0, current: 0.98, average: 1.23
/GstPipeline:pipeline0/GstFPSDisplaySink:fpsdisplaysink0: last-message = rendered: 42, dropped: 0, current: 1.45, average: 1.24
/GstPipeline:pipeline0/GstFPSDisplaySink:fpsdisplaysink0: last-message = rendered: 43, dropped: 0, current: 1.57, average: 1.24
/GstPipeline:pipeline0/GstFPSDisplaySink:fpsdisplaysink0: last-message = rendered: 45, dropped: 0, current: 1.87, average: 1.26
/GstPipeline:pipeline0/GstFPSDisplaySink:fpsdisplaysink0: last-message = rendered: 46, dropped: 0, current: 1.96, average: 1.27
/GstPipeline:pipeline0/GstFPSDisplaySink:fpsdisplaysink0: last-message = rendered: 48, dropped: 0, current: 2.47, average: 1.30
/GstPipeline:pipeline0/GstFPSDisplaySink:fpsdisplaysink0: last-message = rendered: 49, dropped: 0, current: 1.47, average: 1.30
/GstPipeline:pipeline0/GstFPSDisplaySink:fpsdisplaysink0: last-message = rendered: 50, dropped: 0, current: 1.15, average: 1.30
/GstPipeline:pipeline0/GstFPSDisplaySink:fpsdisplaysink0: last-message = rendered: 51, dropped: 0, current: 1.92, average: 1.31
/GstPipeline:pipeline0/GstFPSDisplaySink:fpsdisplaysink0: last-message = rendered: 52, dropped: 0, current: 1.35, average: 1.31
/GstPipeline:pipeline0/GstFPSDisplaySink:fpsdisplaysink0: last-message = rendered: 53, dropped: 0, current: 0.67, average: 1.28
/GstPipeline:pipeline0/GstFPSDisplaySink:fpsdisplaysink0: last-message = rendered: 54, dropped: 0, current: 1.35, average: 1.29
/GstPipeline:pipeline0/GstFPSDisplaySink:fpsdisplaysink0: last-message = rendered: 56, dropped: 0, current: 1.58, average: 1.29
/GstPipeline:pipeline0/GstFPSDisplaySink:fpsdisplaysink0: last-message = rendered: 57, dropped: 0, current: 1.43, average: 1.30
/GstPipeline:pipeline0/GstFPSDisplaySink:fpsdisplaysink0: last-message = rendered: 58, dropped: 0, current: 1.31, average: 1.30
/GstPipeline:pipeline0/GstFPSDisplaySink:fpsdisplaysink0: last-message = rendered: 59, dropped: 0, current: 1.09, average: 1.29
/GstPipeline:pipeline0/GstFPSDisplaySink:fpsdisplaysink0: last-message = rendered: 60, dropped: 0, current: 1.47, average: 1.29
/GstPipeline:pipeline0/GstFPSDisplaySink:fpsdisplaysink0: last-message = rendered: 61, dropped: 0, current: 1.48, average: 1.30
/GstPipeline:pipeline0/GstFPSDisplaySink:fpsdisplaysink0: last-message = rendered: 62, dropped: 0, current: 1.02, average: 1.29
/GstPipeline:pipeline0/GstFPSDisplaySink:fpsdisplaysink0: last-message = rendered: 63, dropped: 0, current: 1.24, average: 1.29
/GstPipeline:pipeline0/GstFPSDisplaySink:fpsdisplaysink0: last-message = rendered: 64, dropped: 0, current: 1.85, average: 1.30
/GstPipeline:pipeline0/GstFPSDisplaySink:fpsdisplaysink0: last-message = rendered: 65, dropped: 0, current: 1.26, average: 1.30
/GstPipeline:pipeline0/GstFPSDisplaySink:fpsdisplaysink0: last-message = rendered: 66, dropped: 0, current: 1.13, average: 1.29
/GstPipeline:pipeline0/GstFPSDisplaySink:fpsdisplaysink0: last-message = rendered: 67, dropped: 0, current: 1.26, average: 1.29
/GstPipeline:pipeline0/GstFPSDisplaySink:fpsdisplaysink0: last-message = rendered: 68, dropped: 0, current: 1.34, average: 1.29
/GstPipeline:pipeline0/GstFPSDisplaySink:fpsdisplaysink0: last-message = rendered: 70, dropped: 0, current: 1.93, average: 1.31
/GstPipeline:pipeline0/GstFPSDisplaySink:fpsdisplaysink0: last-message = rendered: 72, dropped: 0, current: 2.96, average: 1.33
/GstPipeline:pipeline0/GstFPSDisplaySink:fpsdisplaysink0: last-message = rendered: 73, dropped: 0, current: 1.31, average: 1.33
/GstPipeline:pipeline0/GstFPSDisplaySink:fpsdisplaysink0: last-message = rendered: 74, dropped: 0, current: 1.80, average: 1.33
/GstPipeline:pipeline0/GstFPSDisplaySink:fpsdisplaysink0: last-message = rendered: 76, dropped: 0, current: 2.07, average: 1.34
/GstPipeline:pipeline0/GstFPSDisplaySink:fpsdisplaysink0: last-message = rendered: 79, dropped: 0, current: 3.11, average: 1.37
/GstPipeline:pipeline0/GstFPSDisplaySink:fpsdisplaysink0: last-message = rendered: 80, dropped: 0, current: 1.84, average: 1.38
/GstPipeline:pipeline0/GstFPSDisplaySink:fpsdisplaysink0: last-message = rendered: 81, dropped: 0, current: 1.93, average: 1.38
/GstPipeline:pipeline0/GstFPSDisplaySink:fpsdisplaysink0: last-message = rendered: 83, dropped: 0, current: 2.85, average: 1.40
/GstPipeline:pipeline0/GstFPSDisplaySink:fpsdisplaysink0: last-message = rendered: 85, dropped: 0, current: 3.77, average: 1.42
