>>> Running Stream 10
Setting pipeline to PAUSED ...
Pipeline is PREROLLING ...
/GstPipeline:pipeline0/GstGvaWatermark:gvawatermark0/GstCapsFilter:capsfilter0: caps = video/x-raw(memory:VAMemory), format=(string)RGBA
Got context from element 'vapostproc1': gst.va.display.handle=context, gst-display=(GstObject)"\(GstVaDisplayDrm\)\ vadisplaydrm2", description=(string)"Intel\(R\)\ Gen\ Graphics", path=(string)/dev/dri/renderD128;
/GstPipeline:pipeline0/GstGvaWatermark:gvawatermark0/GstVaPostProc:vapostproc1: device-path = /dev/dri/renderD128
/GstPipeline:pipeline0/GstGvaWatermark:gvawatermark0/GstVaPostProc:vapostproc0: device-path = /dev/dri/renderD128
/GstPipeline:pipeline0/GstFPSDisplaySink:fpsdisplaysink0/GstXvImageSink:xvimagesink0: sync = false
/GstPipeline:pipeline0/GstDecodeBin:decodebin0/GstTypeFindElement:typefind.GstPad:src: caps = video/quicktime, variant=(string)iso
/GstPipeline:pipeline0/GstDecodeBin:decodebin0/GstTypeFindElement:typefind.GstPad:src: caps = NULL
/GstPipeline:pipeline0/GstDecodeBin:decodebin0/GstMultiQueue:multiqueue0.GstMultiQueuePad:src_0: caps = video/x-h264, stream-format=(string)avc, alignment=(string)au, level=(string)5.1, profile=(string)baseline, codec_data=(buffer)01420033ffe10013674200338d6803c0043e9a80808083c2211a8001000468ca43c8, width=(int)3840, height=(int)2160, framerate=(fraction)60/1, pixel-aspect-ratio=(fraction)1/1
Redistribute latency...
/GstPipeline:pipeline0/GstDecodeBin:decodebin0/GstH264Parse:h264parse0.GstPad:src: caps = video/x-h264, stream-format=(string)avc, alignment=(string)au, level=(string)5.1, profile=(string)baseline, codec_data=(buffer)01420033ffe10013674200338d6803c0043e9a80808083c2211a8001000468ca43c8, width=(int)3840, height=(int)2160, framerate=(fraction)60/1, pixel-aspect-ratio=(fraction)1/1, coded-picture-structure=(string)frame, chroma-format=(string)4:2:0, bit-depth-luma=(uint)8, bit-depth-chroma=(uint)8, colorimetry=(string)bt709, parsed=(boolean)true
/GstPipeline:pipeline0/GstDecodeBin:decodebin0/GstVaH264Dec:vah264dec0: device-path = /dev/dri/renderD128
Redistribute latency...
/GstPipeline:pipeline0/GstDecodeBin:decodebin0/GstVaH264Dec:vah264dec0.GstPad:sink: caps = video/x-h264, stream-format=(string)avc, alignment=(string)au, level=(string)5.1, profile=(string)baseline, codec_data=(buffer)01420033ffe10013674200338d6803c0043e9a80808083c2211a8001000468ca43c8, width=(int)3840, height=(int)2160, framerate=(fraction)60/1, pixel-aspect-ratio=(fraction)1/1, coded-picture-structure=(string)frame, chroma-format=(string)4:2:0, bit-depth-luma=(uint)8, bit-depth-chroma=(uint)8, colorimetry=(string)bt709, parsed=(boolean)true
/GstPipeline:pipeline0/GstDecodeBin:decodebin0/GstCapsFilter:capsfilter1.GstPad:src: caps = video/x-h264, stream-format=(string)avc, alignment=(string)au, level=(string)5.1, profile=(string)baseline, codec_data=(buffer)01420033ffe10013674200338d6803c0043e9a80808083c2211a8001000468ca43c8, width=(int)3840, height=(int)2160, framerate=(fraction)60/1, pixel-aspect-ratio=(fraction)1/1, coded-picture-structure=(string)frame, chroma-format=(string)4:2:0, bit-depth-luma=(uint)8, bit-depth-chroma=(uint)8, colorimetry=(string)bt709, parsed=(boolean)true
/GstPipeline:pipeline0/GstDecodeBin:decodebin0/GstCapsFilter:capsfilter1.GstPad:sink: caps = video/x-h264, stream-format=(string)avc, alignment=(string)au, level=(string)5.1, profile=(string)baseline, codec_data=(buffer)01420033ffe10013674200338d6803c0043e9a80808083c2211a8001000468ca43c8, width=(int)3840, height=(int)2160, framerate=(fraction)60/1, pixel-aspect-ratio=(fraction)1/1, coded-picture-structure=(string)frame, chroma-format=(string)4:2:0, bit-depth-luma=(uint)8, bit-depth-chroma=(uint)8, colorimetry=(string)bt709, parsed=(boolean)true
/GstPipeline:pipeline0/GstDecodeBin:decodebin0/GstH264Parse:h264parse0.GstPad:sink: caps = video/x-h264, stream-format=(string)avc, alignment=(string)au, level=(string)5.1, profile=(string)baseline, codec_data=(buffer)01420033ffe10013674200338d6803c0043e9a80808083c2211a8001000468ca43c8, width=(int)3840, height=(int)2160, framerate=(fraction)60/1, pixel-aspect-ratio=(fraction)1/1
/GstPipeline:pipeline0/GstDecodeBin:decodebin0/GstMultiQueue:multiqueue0.GstMultiQueuePad:src_1: caps = audio/mpeg, mpegversion=(int)4, framed=(boolean)true, stream-format=(string)raw, level=(string)2, base-profile=(string)lc, profile=(string)lc, codec_data=(buffer)1210, rate=(int)44100, channels=(int)2
/GstPipeline:pipeline0/GstDecodeBin:decodebin0/avdec_aac:avdec_aac0.GstPad:sink: caps = audio/mpeg, mpegversion=(int)4, framed=(boolean)true, stream-format=(string)raw, level=(string)2, base-profile=(string)lc, profile=(string)lc, codec_data=(buffer)1210, rate=(int)44100, channels=(int)2
/GstPipeline:pipeline0/GstDecodeBin:decodebin0/GstAacParse:aacparse0.GstPad:src: caps = audio/mpeg, mpegversion=(int)4, framed=(boolean)true, stream-format=(string)raw, level=(string)2, base-profile=(string)lc, profile=(string)lc, codec_data=(buffer)1210, rate=(int)44100, channels=(int)2
/GstPipeline:pipeline0/GstDecodeBin:decodebin0/GstAacParse:aacparse0.GstPad:sink: caps = audio/mpeg, mpegversion=(int)4, framed=(boolean)true, stream-format=(string)raw, level=(string)2, base-profile=(string)lc, profile=(string)lc, codec_data=(buffer)1210, rate=(int)44100, channels=(int)2
/GstPipeline:pipeline0/GstDecodeBin:decodebin0/GstMultiQueue:multiqueue0: max-size-buffers = 5
/GstPipeline:pipeline0/GstDecodeBin:decodebin0/GstMultiQueue:multiqueue0: max-size-time = 0
/GstPipeline:pipeline0/GstDecodeBin:decodebin0/GstMultiQueue:multiqueue0: max-size-bytes = 8388608
/GstPipeline:pipeline0/GstDecodeBin:decodebin0/GstMultiQueue:multiqueue0.GstMultiQueuePad:sink_0: caps = video/x-h264, stream-format=(string)avc, alignment=(string)au, level=(string)5.1, profile=(string)baseline, codec_data=(buffer)01420033ffe10013674200338d6803c0043e9a80808083c2211a8001000468ca43c8, width=(int)3840, height=(int)2160, framerate=(fraction)60/1, pixel-aspect-ratio=(fraction)1/1
Redistribute latency...
/GstPipeline:pipeline0/GstDecodeBin:decodebin0/GstMultiQueue:multiqueue0.GstMultiQueuePad:sink_1: caps = audio/mpeg, mpegversion=(int)4, framed=(boolean)true, stream-format=(string)raw, level=(string)2, base-profile=(string)lc, profile=(string)lc, codec_data=(buffer)1210, rate=(int)44100, channels=(int)2
/GstPipeline:pipeline0/GstDecodeBin:decodebin0/GstAacParse:aacparse0.GstPad:src: caps = audio/mpeg, mpegversion=(int)4, framed=(boolean)true, stream-format=(string)raw, level=(string)2, base-profile=(string)lc, profile=(string)lc, codec_data=(buffer)1210, rate=(int)44100, channels=(int)2
/GstPipeline:pipeline0/GstDecodeBin:decodebin0/avdec_aac:avdec_aac0.GstPad:sink: caps = audio/mpeg, mpegversion=(int)4, framed=(boolean)true, stream-format=(string)raw, level=(string)2, base-profile=(string)lc, profile=(string)lc, codec_data=(buffer)1210, rate=(int)44100, channels=(int)2
/GstPipeline:pipeline0/GstDecodeBin:decodebin0/avdec_aac:avdec_aac0.GstPad:src: caps = audio/x-raw, format=(string)F32LE, layout=(string)non-interleaved, rate=(int)44100, channels=(int)2, channel-mask=(bitmask)0x0000000000000003
/GstPipeline:pipeline0/GstDecodeBin:decodebin0/GstMultiQueue:multiqueue0: max-size-buffers = 5
/GstPipeline:pipeline0/GstDecodeBin:decodebin0/GstMultiQueue:multiqueue0: max-size-time = 0
/GstPipeline:pipeline0/GstDecodeBin:decodebin0/GstMultiQueue:multiqueue0: max-size-bytes = 8388608
/GstPipeline:pipeline0/GstDecodeBin:decodebin0/GstVaH264Dec:vah264dec0.GstPad:src: caps = video/x-raw, format=(string)NV12, width=(int)3840, height=(int)2160, interlace-mode=(string)progressive, multiview-mode=(string)mono, multiview-flags=(GstVideoMultiviewFlagsSet)0:ffffffff:/right-view-first/left-flipped/left-flopped/right-flipped/right-flopped/half-aspect/mixed-mono, pixel-aspect-ratio=(fraction)1/1, colorimetry=(string)bt709, framerate=(fraction)60/1
/GstPipeline:pipeline0/GstGvaDetect:gvadetect0.GstPad:src: caps = video/x-raw, format=(string)NV12, width=(int)3840, height=(int)2160, interlace-mode=(string)progressive, multiview-mode=(string)mono, multiview-flags=(GstVideoMultiviewFlagsSet)0:ffffffff:/right-view-first/left-flipped/left-flopped/right-flipped/right-flopped/half-aspect/mixed-mono, pixel-aspect-ratio=(fraction)1/1, colorimetry=(string)bt709, framerate=(fraction)60/1
/GstPipeline:pipeline0/GstQueue:queue0.GstPad:src: caps = video/x-raw, format=(string)NV12, width=(int)3840, height=(int)2160, interlace-mode=(string)progressive, multiview-mode=(string)mono, multiview-flags=(GstVideoMultiviewFlagsSet)0:ffffffff:/right-view-first/left-flipped/left-flopped/right-flipped/right-flopped/half-aspect/mixed-mono, pixel-aspect-ratio=(fraction)1/1, colorimetry=(string)bt709, framerate=(fraction)60/1
/GstPipeline:pipeline0/GstQueue:queue0.GstPad:sink: caps = video/x-raw, format=(string)NV12, width=(int)3840, height=(int)2160, interlace-mode=(string)progressive, multiview-mode=(string)mono, multiview-flags=(GstVideoMultiviewFlagsSet)0:ffffffff:/right-view-first/left-flipped/left-flopped/right-flipped/right-flopped/half-aspect/mixed-mono, pixel-aspect-ratio=(fraction)1/1, colorimetry=(string)bt709, framerate=(fraction)60/1
/GstPipeline:pipeline0/GstGvaDetect:gvadetect0.GstPad:sink: caps = video/x-raw, format=(string)NV12, width=(int)3840, height=(int)2160, interlace-mode=(string)progressive, multiview-mode=(string)mono, multiview-flags=(GstVideoMultiviewFlagsSet)0:ffffffff:/right-view-first/left-flipped/left-flopped/right-flipped/right-flopped/half-aspect/mixed-mono, pixel-aspect-ratio=(fraction)1/1, colorimetry=(string)bt709, framerate=(fraction)60/1
/GstPipeline:pipeline0/GstDecodeBin:decodebin0.GstDecodePad:src_0.GstProxyPad:proxypad5: caps = video/x-raw, format=(string)NV12, width=(int)3840, height=(int)2160, interlace-mode=(string)progressive, multiview-mode=(string)mono, multiview-flags=(GstVideoMultiviewFlagsSet)0:ffffffff:/right-view-first/left-flipped/left-flopped/right-flipped/right-flopped/half-aspect/mixed-mono, pixel-aspect-ratio=(fraction)1/1, colorimetry=(string)bt709, framerate=(fraction)60/1
/GstPipeline:pipeline0/GstGvaClassify:gvaclassify0.GstPad:src: caps = video/x-raw, format=(string)NV12, width=(int)3840, height=(int)2160, interlace-mode=(string)progressive, multiview-mode=(string)mono, multiview-flags=(GstVideoMultiviewFlagsSet)0:ffffffff:/right-view-first/left-flipped/left-flopped/right-flipped/right-flopped/half-aspect/mixed-mono, pixel-aspect-ratio=(fraction)1/1, colorimetry=(string)bt709, framerate=(fraction)60/1
/GstPipeline:pipeline0/GstQueue:queue1.GstPad:src: caps = video/x-raw, format=(string)NV12, width=(int)3840, height=(int)2160, interlace-mode=(string)progressive, multiview-mode=(string)mono, multiview-flags=(GstVideoMultiviewFlagsSet)0:ffffffff:/right-view-first/left-flipped/left-flopped/right-flipped/right-flopped/half-aspect/mixed-mono, pixel-aspect-ratio=(fraction)1/1, colorimetry=(string)bt709, framerate=(fraction)60/1
/GstPipeline:pipeline0/GstQueue:queue1.GstPad:sink: caps = video/x-raw, format=(string)NV12, width=(int)3840, height=(int)2160, interlace-mode=(string)progressive, multiview-mode=(string)mono, multiview-flags=(GstVideoMultiviewFlagsSet)0:ffffffff:/right-view-first/left-flipped/left-flopped/right-flipped/right-flopped/half-aspect/mixed-mono, pixel-aspect-ratio=(fraction)1/1, colorimetry=(string)bt709, framerate=(fraction)60/1
/GstPipeline:pipeline0/GstQueue:queue1.GstPad:sink: caps = video/x-raw, format=(string)NV12, width=(int)3840, height=(int)2160, interlace-mode=(string)progressive, multiview-mode=(string)mono, multiview-flags=(GstVideoMultiviewFlagsSet)0:ffffffff:/right-view-first/left-flipped/left-flopped/right-flipped/right-flopped/half-aspect/mixed-mono, pixel-aspect-ratio=(fraction)1/1, colorimetry=(string)bt709, framerate=(fraction)60/1
/GstPipeline:pipeline0/GstGvaClassify:gvaclassify0.GstPad:sink: caps = video/x-raw, format=(string)NV12, width=(int)3840, height=(int)2160, interlace-mode=(string)progressive, multiview-mode=(string)mono, multiview-flags=(GstVideoMultiviewFlagsSet)0:ffffffff:/right-view-first/left-flipped/left-flopped/right-flipped/right-flopped/half-aspect/mixed-mono, pixel-aspect-ratio=(fraction)1/1, colorimetry=(string)bt709, framerate=(fraction)60/1
/GstPipeline:pipeline0/GstGvaWatermark:gvawatermark0/GstVaPostProc:vapostproc0.GstPad:src: caps = video/x-raw(memory:VAMemory), width=(int)3840, height=(int)2160, interlace-mode=(string)progressive, multiview-mode=(string)mono, multiview-flags=(GstVideoMultiviewFlagsSet)0:ffffffff:/right-view-first/left-flipped/left-flopped/right-flipped/right-flopped/half-aspect/mixed-mono, pixel-aspect-ratio=(fraction)1/1, framerate=(fraction)60/1, format=(string)RGBA, colorimetry=(string)1:1:5:1
/GstPipeline:pipeline0/GstGvaWatermark:gvawatermark0/GstCapsFilter:capsfilter0.GstPad:src: caps = video/x-raw(memory:VAMemory), width=(int)3840, height=(int)2160, interlace-mode=(string)progressive, multiview-mode=(string)mono, multiview-flags=(GstVideoMultiviewFlagsSet)0:ffffffff:/right-view-first/left-flipped/left-flopped/right-flipped/right-flopped/half-aspect/mixed-mono, pixel-aspect-ratio=(fraction)1/1, framerate=(fraction)60/1, format=(string)RGBA, colorimetry=(string)1:1:5:1
/GstPipeline:pipeline0/GstGvaWatermark:gvawatermark0/GstGvaWatermarkImpl:gvawatermarkimpl0.GstPad:src: caps = video/x-raw(memory:VAMemory), width=(int)3840, height=(int)2160, interlace-mode=(string)progressive, multiview-mode=(string)mono, multiview-flags=(GstVideoMultiviewFlagsSet)0:ffffffff:/right-view-first/left-flipped/left-flopped/right-flipped/right-flopped/half-aspect/mixed-mono, pixel-aspect-ratio=(fraction)1/1, framerate=(fraction)60/1, format=(string)RGBA, colorimetry=(string)1:1:5:1
/GstPipeline:pipeline0/GstGvaWatermark:gvawatermark0/GstVaPostProc:vapostproc1.GstPad:src: caps = video/x-raw, width=(int)3840, height=(int)2160, interlace-mode=(string)progressive, multiview-mode=(string)mono, multiview-flags=(GstVideoMultiviewFlagsSet)0:ffffffff:/right-view-first/left-flipped/left-flopped/right-flipped/right-flopped/half-aspect/mixed-mono, pixel-aspect-ratio=(fraction)1/1, framerate=(fraction)60/1, format=(string)RGBA, colorimetry=(string)1:1:5:1
/GstPipeline:pipeline0/GstGvaWatermark:gvawatermark0.GstGhostPad:src: caps = video/x-raw, width=(int)3840, height=(int)2160, interlace-mode=(string)progressive, multiview-mode=(string)mono, multiview-flags=(GstVideoMultiviewFlagsSet)0:ffffffff:/right-view-first/left-flipped/left-flopped/right-flipped/right-flopped/half-aspect/mixed-mono, pixel-aspect-ratio=(fraction)1/1, framerate=(fraction)60/1, format=(string)RGBA, colorimetry=(string)1:1:5:1
/GstPipeline:pipeline0/GstVideoConvert:videoconvert0.GstPad:src: caps = video/x-raw, width=(int)3840, height=(int)2160, interlace-mode=(string)progressive, multiview-mode=(string)mono, multiview-flags=(GstVideoMultiviewFlagsSet)0:ffffffff:/right-view-first/left-flipped/left-flopped/right-flipped/right-flopped/half-aspect/mixed-mono, pixel-aspect-ratio=(fraction)1/1, framerate=(fraction)60/1, format=(string)YV12, colorimetry=(string)bt709
/GstPipeline:pipeline0/GstFPSDisplaySink:fpsdisplaysink0.GstGhostPad:sink.GstProxyPad:proxypad3: caps = video/x-raw, width=(int)3840, height=(int)2160, interlace-mode=(string)progressive, multiview-mode=(string)mono, multiview-flags=(GstVideoMultiviewFlagsSet)0:ffffffff:/right-view-first/left-flipped/left-flopped/right-flipped/right-flopped/half-aspect/mixed-mono, pixel-aspect-ratio=(fraction)1/1, framerate=(fraction)60/1, format=(string)YV12, colorimetry=(string)bt709
/GstPipeline:pipeline0/GstFPSDisplaySink:fpsdisplaysink0/GstXvImageSink:xvimagesink0.GstPad:sink: caps = video/x-raw, width=(int)3840, height=(int)2160, interlace-mode=(string)progressive, multiview-mode=(string)mono, multiview-flags=(GstVideoMultiviewFlagsSet)0:ffffffff:/right-view-first/left-flipped/left-flopped/right-flipped/right-flopped/half-aspect/mixed-mono, pixel-aspect-ratio=(fraction)1/1, framerate=(fraction)60/1, format=(string)YV12, colorimetry=(string)bt709
/GstPipeline:pipeline0/GstFPSDisplaySink:fpsdisplaysink0.GstGhostPad:sink: caps = video/x-raw, width=(int)3840, height=(int)2160, interlace-mode=(string)progressive, multiview-mode=(string)mono, multiview-flags=(GstVideoMultiviewFlagsSet)0:ffffffff:/right-view-first/left-flipped/left-flopped/right-flipped/right-flopped/half-aspect/mixed-mono, pixel-aspect-ratio=(fraction)1/1, framerate=(fraction)60/1, format=(string)YV12, colorimetry=(string)bt709
/GstPipeline:pipeline0/GstVideoConvert:videoconvert0.GstPad:sink: caps = video/x-raw, width=(int)3840, height=(int)2160, interlace-mode=(string)progressive, multiview-mode=(string)mono, multiview-flags=(GstVideoMultiviewFlagsSet)0:ffffffff:/right-view-first/left-flipped/left-flopped/right-flipped/right-flopped/half-aspect/mixed-mono, pixel-aspect-ratio=(fraction)1/1, framerate=(fraction)60/1, format=(string)RGBA, colorimetry=(string)1:1:5:1
/GstPipeline:pipeline0/GstGvaWatermark:gvawatermark0.GstGhostPad:src.GstProxyPad:proxypad2: caps = video/x-raw, width=(int)3840, height=(int)2160, interlace-mode=(string)progressive, multiview-mode=(string)mono, multiview-flags=(GstVideoMultiviewFlagsSet)0:ffffffff:/right-view-first/left-flipped/left-flopped/right-flipped/right-flopped/half-aspect/mixed-mono, pixel-aspect-ratio=(fraction)1/1, framerate=(fraction)60/1, format=(string)RGBA, colorimetry=(string)1:1:5:1
/GstPipeline:pipeline0/GstGvaWatermark:gvawatermark0/GstVaPostProc:vapostproc1.GstPad:sink: caps = video/x-raw(memory:VAMemory), width=(int)3840, height=(int)2160, interlace-mode=(string)progressive, multiview-mode=(string)mono, multiview-flags=(GstVideoMultiviewFlagsSet)0:ffffffff:/right-view-first/left-flipped/left-flopped/right-flipped/right-flopped/half-aspect/mixed-mono, pixel-aspect-ratio=(fraction)1/1, framerate=(fraction)60/1, format=(string)RGBA, colorimetry=(string)1:1:5:1
/GstPipeline:pipeline0/GstGvaWatermark:gvawatermark0/GstGvaWatermarkImpl:gvawatermarkimpl0.GstPad:sink: caps = video/x-raw(memory:VAMemory), width=(int)3840, height=(int)2160, interlace-mode=(string)progressive, multiview-mode=(string)mono, multiview-flags=(GstVideoMultiviewFlagsSet)0:ffffffff:/right-view-first/left-flipped/left-flopped/right-flipped/right-flopped/half-aspect/mixed-mono, pixel-aspect-ratio=(fraction)1/1, framerate=(fraction)60/1, format=(string)RGBA, colorimetry=(string)1:1:5:1
/GstPipeline:pipeline0/GstGvaWatermark:gvawatermark0/GstCapsFilter:capsfilter0.GstPad:sink: caps = video/x-raw(memory:VAMemory), width=(int)3840, height=(int)2160, interlace-mode=(string)progressive, multiview-mode=(string)mono, multiview-flags=(GstVideoMultiviewFlagsSet)0:ffffffff:/right-view-first/left-flipped/left-flopped/right-flipped/right-flopped/half-aspect/mixed-mono, pixel-aspect-ratio=(fraction)1/1, framerate=(fraction)60/1, format=(string)RGBA, colorimetry=(string)1:1:5:1
/GstPipeline:pipeline0/GstGvaWatermark:gvawatermark0/GstVaPostProc:vapostproc0.GstPad:sink: caps = video/x-raw, format=(string)NV12, width=(int)3840, height=(int)2160, interlace-mode=(string)progressive, multiview-mode=(string)mono, multiview-flags=(GstVideoMultiviewFlagsSet)0:ffffffff:/right-view-first/left-flipped/left-flopped/right-flipped/right-flopped/half-aspect/mixed-mono, pixel-aspect-ratio=(fraction)1/1, colorimetry=(string)bt709, framerate=(fraction)60/1
/GstPipeline:pipeline0/GstGvaWatermark:gvawatermark0/GstIdentity:identity0.GstPad:sink: caps = video/x-raw, format=(string)NV12, width=(int)3840, height=(int)2160, interlace-mode=(string)progressive, multiview-mode=(string)mono, multiview-flags=(GstVideoMultiviewFlagsSet)0:ffffffff:/right-view-first/left-flipped/left-flopped/right-flipped/right-flopped/half-aspect/mixed-mono, pixel-aspect-ratio=(fraction)1/1, colorimetry=(string)bt709, framerate=(fraction)60/1
/GstPipeline:pipeline0/GstGvaWatermark:gvawatermark0.GstGhostPad:sink: caps = video/x-raw, format=(string)NV12, width=(int)3840, height=(int)2160, interlace-mode=(string)progressive, multiview-mode=(string)mono, multiview-flags=(GstVideoMultiviewFlagsSet)0:ffffffff:/right-view-first/left-flipped/left-flopped/right-flipped/right-flopped/half-aspect/mixed-mono, pixel-aspect-ratio=(fraction)1/1, colorimetry=(string)bt709, framerate=(fraction)60/1
/GstPipeline:pipeline0/GstGvaWatermark:gvawatermark0/GstVaPostProc:vapostproc0.GstPad:src: caps = NULL
/GstPipeline:pipeline0/GstGvaWatermark:gvawatermark0/GstVaPostProc:vapostproc0.GstPad:sink: caps = NULL
/GstPipeline:pipeline0/GstGvaWatermark:gvawatermark0/GstVaPostProc:vapostproc0: device-path = /dev/dri/renderD128
/GstPipeline:pipeline0/GstGvaWatermark:gvawatermark0/GstCapsFilter:capsfilter0.GstPad:src: caps = NULL
/GstPipeline:pipeline0/GstGvaWatermark:gvawatermark0/GstCapsFilter:capsfilter0.GstPad:sink: caps = NULL
/GstPipeline:pipeline0/GstGvaWatermark:gvawatermark0/GstVaPostProc:vapostproc1.GstPad:src: caps = NULL
/GstPipeline:pipeline0/GstGvaWatermark:gvawatermark0/GstVaPostProc:vapostproc1.GstPad:sink: caps = NULL
/GstVaPostProc:vapostproc1: device-path = /dev/dri/renderD128
/GstPipeline:pipeline0/GstGvaWatermark:gvawatermark0/GstVaPostProc:vapostproc2: device-path = /dev/dri/renderD128
/GstPipeline:pipeline0/GstGvaWatermark:gvawatermark0/GstGvaWatermarkImpl:gvawatermarkimpl0.GstPad:src: caps = video/x-raw, format=(string)NV12, width=(int)3840, height=(int)2160, interlace-mode=(string)progressive, multiview-mode=(string)mono, multiview-flags=(GstVideoMultiviewFlagsSet)0:ffffffff:/right-view-first/left-flipped/left-flopped/right-flipped/right-flopped/half-aspect/mixed-mono, pixel-aspect-ratio=(fraction)1/1, colorimetry=(string)bt709, framerate=(fraction)60/1
/GstPipeline:pipeline0/GstGvaWatermark:gvawatermark0/GstVaPostProc:vapostproc2.GstPad:src: caps = video/x-raw, format=(string)NV12, width=(int)3840, height=(int)2160, interlace-mode=(string)progressive, multiview-mode=(string)mono, multiview-flags=(GstVideoMultiviewFlagsSet)0:ffffffff:/right-view-first/left-flipped/left-flopped/right-flipped/right-flopped/half-aspect/mixed-mono, pixel-aspect-ratio=(fraction)1/1, colorimetry=(string)bt709, framerate=(fraction)60/1
/GstPipeline:pipeline0/GstGvaWatermark:gvawatermark0.GstGhostPad:src: caps = video/x-raw, format=(string)NV12, width=(int)3840, height=(int)2160, interlace-mode=(string)progressive, multiview-mode=(string)mono, multiview-flags=(GstVideoMultiviewFlagsSet)0:ffffffff:/right-view-first/left-flipped/left-flopped/right-flipped/right-flopped/half-aspect/mixed-mono, pixel-aspect-ratio=(fraction)1/1, colorimetry=(string)bt709, framerate=(fraction)60/1
/GstPipeline:pipeline0/GstVideoConvert:videoconvert0.GstPad:src: caps = video/x-raw, format=(string)NV12, width=(int)3840, height=(int)2160, interlace-mode=(string)progressive, multiview-mode=(string)mono, multiview-flags=(GstVideoMultiviewFlagsSet)0:ffffffff:/right-view-first/left-flipped/left-flopped/right-flipped/right-flopped/half-aspect/mixed-mono, pixel-aspect-ratio=(fraction)1/1, colorimetry=(string)bt709, framerate=(fraction)60/1
/GstPipeline:pipeline0/GstFPSDisplaySink:fpsdisplaysink0.GstGhostPad:sink.GstProxyPad:proxypad3: caps = video/x-raw, format=(string)NV12, width=(int)3840, height=(int)2160, interlace-mode=(string)progressive, multiview-mode=(string)mono, multiview-flags=(GstVideoMultiviewFlagsSet)0:ffffffff:/right-view-first/left-flipped/left-flopped/right-flipped/right-flopped/half-aspect/mixed-mono, pixel-aspect-ratio=(fraction)1/1, colorimetry=(string)bt709, framerate=(fraction)60/1
/GstPipeline:pipeline0/GstFPSDisplaySink:fpsdisplaysink0/GstXvImageSink:xvimagesink0.GstPad:sink: caps = video/x-raw, format=(string)NV12, width=(int)3840, height=(int)2160, interlace-mode=(string)progressive, multiview-mode=(string)mono, multiview-flags=(GstVideoMultiviewFlagsSet)0:ffffffff:/right-view-first/left-flipped/left-flopped/right-flipped/right-flopped/half-aspect/mixed-mono, pixel-aspect-ratio=(fraction)1/1, colorimetry=(string)bt709, framerate=(fraction)60/1
/GstPipeline:pipeline0/GstFPSDisplaySink:fpsdisplaysink0.GstGhostPad:sink: caps = video/x-raw, format=(string)NV12, width=(int)3840, height=(int)2160, interlace-mode=(string)progressive, multiview-mode=(string)mono, multiview-flags=(GstVideoMultiviewFlagsSet)0:ffffffff:/right-view-first/left-flipped/left-flopped/right-flipped/right-flopped/half-aspect/mixed-mono, pixel-aspect-ratio=(fraction)1/1, colorimetry=(string)bt709, framerate=(fraction)60/1
/GstPipeline:pipeline0/GstVideoConvert:videoconvert0.GstPad:sink: caps = video/x-raw, format=(string)NV12, width=(int)3840, height=(int)2160, interlace-mode=(string)progressive, multiview-mode=(string)mono, multiview-flags=(GstVideoMultiviewFlagsSet)0:ffffffff:/right-view-first/left-flipped/left-flopped/right-flipped/right-flopped/half-aspect/mixed-mono, pixel-aspect-ratio=(fraction)1/1, colorimetry=(string)bt709, framerate=(fraction)60/1
/GstPipeline:pipeline0/GstGvaWatermark:gvawatermark0.GstGhostPad:src.GstProxyPad:proxypad2: caps = video/x-raw, format=(string)NV12, width=(int)3840, height=(int)2160, interlace-mode=(string)progressive, multiview-mode=(string)mono, multiview-flags=(GstVideoMultiviewFlagsSet)0:ffffffff:/right-view-first/left-flipped/left-flopped/right-flipped/right-flopped/half-aspect/mixed-mono, pixel-aspect-ratio=(fraction)1/1, colorimetry=(string)bt709, framerate=(fraction)60/1
/GstPipeline:pipeline0/GstGvaWatermark:gvawatermark0/GstVaPostProc:vapostproc2.GstPad:sink: caps = video/x-raw, format=(string)NV12, width=(int)3840, height=(int)2160, interlace-mode=(string)progressive, multiview-mode=(string)mono, multiview-flags=(GstVideoMultiviewFlagsSet)0:ffffffff:/right-view-first/left-flipped/left-flopped/right-flipped/right-flopped/half-aspect/mixed-mono, pixel-aspect-ratio=(fraction)1/1, colorimetry=(string)bt709, framerate=(fraction)60/1
/GstPipeline:pipeline0/GstGvaWatermark:gvawatermark0/GstGvaWatermarkImpl:gvawatermarkimpl0.GstPad:sink: caps = video/x-raw, format=(string)NV12, width=(int)3840, height=(int)2160, interlace-mode=(string)progressive, multiview-mode=(string)mono, multiview-flags=(GstVideoMultiviewFlagsSet)0:ffffffff:/right-view-first/left-flipped/left-flopped/right-flipped/right-flopped/half-aspect/mixed-mono, pixel-aspect-ratio=(fraction)1/1, colorimetry=(string)bt709, framerate=(fraction)60/1
Pipeline is PREROLLED ...
Setting pipeline to PLAYING ...
New clock: GstSystemClock
Redistribute latency...
/GstPipeline:pipeline0/GstFPSDisplaySink:fpsdisplaysink0/GstXvImageSink:xvimagesink0: sync = false
/GstPipeline:pipeline0/GstFPSDisplaySink:fpsdisplaysink0: last-message = rendered: 2, dropped: 0, current: 0.69, average: 0.69
/GstPipeline:pipeline0/GstFPSDisplaySink:fpsdisplaysink0: last-message = rendered: 3, dropped: 0, current: 1.09, average: 0.79
/GstPipeline:pipeline0/GstFPSDisplaySink:fpsdisplaysink0: last-message = rendered: 5, dropped: 0, current: 2.55, average: 1.09
/GstPipeline:pipeline0/GstFPSDisplaySink:fpsdisplaysink0: last-message = rendered: 7, dropped: 0, current: 1.31, average: 1.14
/GstPipeline:pipeline0/GstFPSDisplaySink:fpsdisplaysink0: last-message = rendered: 8, dropped: 0, current: 1.50, average: 1.18
/GstPipeline:pipeline0/GstFPSDisplaySink:fpsdisplaysink0: last-message = rendered: 9, dropped: 0, current: 1.53, average: 1.21
/GstPipeline:pipeline0/GstFPSDisplaySink:fpsdisplaysink0: last-message = rendered: 10, dropped: 0, current: 1.52, average: 1.23
/GstPipeline:pipeline0/GstFPSDisplaySink:fpsdisplaysink0: last-message = rendered: 12, dropped: 0, current: 3.09, average: 1.37
/GstPipeline:pipeline0/GstFPSDisplaySink:fpsdisplaysink0: last-message = rendered: 13, dropped: 0, current: 0.60, average: 1.25
/GstPipeline:pipeline0/GstFPSDisplaySink:fpsdisplaysink0: last-message = rendered: 14, dropped: 0, current: 1.65, average: 1.27
/GstPipeline:pipeline0/GstFPSDisplaySink:fpsdisplaysink0: last-message = rendered: 15, dropped: 0, current: 1.49, average: 1.28
/GstPipeline:pipeline0/GstFPSDisplaySink:fpsdisplaysink0: last-message = rendered: 16, dropped: 0, current: 0.89, average: 1.25
/GstPipeline:pipeline0/GstFPSDisplaySink:fpsdisplaysink0: last-message = rendered: 18, dropped: 0, current: 3.06, average: 1.34
/GstPipeline:pipeline0/GstFPSDisplaySink:fpsdisplaysink0: last-message = rendered: 19, dropped: 0, current: 1.21, average: 1.33
/GstPipeline:pipeline0/GstFPSDisplaySink:fpsdisplaysink0: last-message = rendered: 21, dropped: 0, current: 2.70, average: 1.40
/GstPipeline:pipeline0/GstFPSDisplaySink:fpsdisplaysink0: last-message = rendered: 22, dropped: 0, current: 0.96, average: 1.37
/GstPipeline:pipeline0/GstFPSDisplaySink:fpsdisplaysink0: last-message = rendered: 23, dropped: 0, current: 1.38, average: 1.37
/GstPipeline:pipeline0/GstFPSDisplaySink:fpsdisplaysink0: last-message = rendered: 24, dropped: 0, current: 1.25, average: 1.36
/GstPipeline:pipeline0/GstFPSDisplaySink:fpsdisplaysink0: last-message = rendered: 26, dropped: 0, current: 3.21, average: 1.43
/GstPipeline:pipeline0/GstFPSDisplaySink:fpsdisplaysink0: last-message = rendered: 27, dropped: 0, current: 1.71, average: 1.44
/GstPipeline:pipeline0/GstFPSDisplaySink:fpsdisplaysink0: last-message = rendered: 28, dropped: 0, current: 1.06, average: 1.42
/GstPipeline:pipeline0/GstFPSDisplaySink:fpsdisplaysink0: last-message = rendered: 30, dropped: 0, current: 2.09, average: 1.45
/GstPipeline:pipeline0/GstFPSDisplaySink:fpsdisplaysink0: last-message = rendered: 31, dropped: 0, current: 1.88, average: 1.46
/GstPipeline:pipeline0/GstFPSDisplaySink:fpsdisplaysink0: last-message = rendered: 32, dropped: 0, current: 0.76, average: 1.42
/GstPipeline:pipeline0/GstFPSDisplaySink:fpsdisplaysink0: last-message = rendered: 33, dropped: 0, current: 1.06, average: 1.40
/GstPipeline:pipeline0/GstFPSDisplaySink:fpsdisplaysink0: last-message = rendered: 34, dropped: 0, current: 1.59, average: 1.41
/GstPipeline:pipeline0/GstFPSDisplaySink:fpsdisplaysink0: last-message = rendered: 35, dropped: 0, current: 1.66, average: 1.42
/GstPipeline:pipeline0/GstFPSDisplaySink:fpsdisplaysink0: last-message = rendered: 36, dropped: 0, current: 1.63, average: 1.42
/GstPipeline:pipeline0/GstFPSDisplaySink:fpsdisplaysink0: last-message = rendered: 37, dropped: 0, current: 1.07, average: 1.41
/GstPipeline:pipeline0/GstFPSDisplaySink:fpsdisplaysink0: last-message = rendered: 38, dropped: 0, current: 1.23, average: 1.40
