>>> Running GPU Stream 1

** (gst-plugin-scanner:17746): CRITICAL **: 11:25:56.005: gi.repository.Gst is no dict
Setting pipeline to PAUSED ...
Pipeline is PREROLLING ...
/GstPipeline:pipeline0/GstGvaWatermark:gvawatermark0/GstCapsFilter:capsfilter0: caps = video/x-raw(memory:VAMemory), format=(string)RGBA
Got context from element 'vapostproc1': gst.va.display.handle=context, gst-display=(GstObject)"\(GstVaDisplayDrm\)\ vadisplaydrm2", description=(string)"Intel\(R\)\ Gen\ Graphics", path=(string)/dev/dri/renderD128;
/GstPipeline:pipeline0/GstGvaWatermark:gvawatermark0/GstVaPostProc:vapostproc1: device-path = /dev/dri/renderD128
/GstPipeline:pipeline0/GstGvaWatermark:gvawatermark0/GstVaPostProc:vapostproc0: device-path = /dev/dri/renderD128
/GstPipeline:pipeline0/GstFPSDisplaySink:fpsdisplaysink0/GstXvImageSink:xvimagesink0: sync = false
/GstPipeline:pipeline0/GstDecodeBin:decodebin0/GstTypeFindElement:typefind.GstPad:src: caps = video/quicktime, variant=(string)iso
/GstPipeline:pipeline0/GstDecodeBin:decodebin0/GstTypeFindElement:typefind.GstPad:src: caps = NULL
/GstPipeline:pipeline0/GstDecodeBin:decodebin0/GstMultiQueue:multiqueue0.GstMultiQueuePad:src_0: caps = video/x-h264, stream-format=(string)avc, alignment=(string)au, level=(string)5.1, profile=(string)baseline, codec_data=(buffer)01420033ffe10013674200338d6803c0043e9a80808083c2211a8001000468ca43c8, width=(int)3840, height=(int)2160, framerate=(fraction)60/1, pixel-aspect-ratio=(fraction)1/1
Redistribute latency...
/GstPipeline:pipeline0/GstDecodeBin:decodebin0/GstH264Parse:h264parse0.GstPad:src: caps = video/x-h264, stream-format=(string)avc, alignment=(string)au, level=(string)5.1, profile=(string)baseline, codec_data=(buffer)01420033ffe10013674200338d6803c0043e9a80808083c2211a8001000468ca43c8, width=(int)3840, height=(int)2160, framerate=(fraction)60/1, pixel-aspect-ratio=(fraction)1/1, coded-picture-structure=(string)frame, chroma-format=(string)4:2:0, bit-depth-luma=(uint)8, bit-depth-chroma=(uint)8, colorimetry=(string)bt709, parsed=(boolean)true
/GstPipeline:pipeline0/GstDecodeBin:decodebin0/GstVaH264Dec:vah264dec0: device-path = /dev/dri/renderD128
Redistribute latency...
/GstPipeline:pipeline0/GstDecodeBin:decodebin0/GstVaH264Dec:vah264dec0.GstPad:sink: caps = video/x-h264, stream-format=(string)avc, alignment=(string)au, level=(string)5.1, profile=(string)baseline, codec_data=(buffer)01420033ffe10013674200338d6803c0043e9a80808083c2211a8001000468ca43c8, width=(int)3840, height=(int)2160, framerate=(fraction)60/1, pixel-aspect-ratio=(fraction)1/1, coded-picture-structure=(string)frame, chroma-format=(string)4:2:0, bit-depth-luma=(uint)8, bit-depth-chroma=(uint)8, colorimetry=(string)bt709, parsed=(boolean)true
/GstPipeline:pipeline0/GstDecodeBin:decodebin0/GstCapsFilter:capsfilter1.GstPad:src: caps = video/x-h264, stream-format=(string)avc, alignment=(string)au, level=(string)5.1, profile=(string)baseline, codec_data=(buffer)01420033ffe10013674200338d6803c0043e9a80808083c2211a8001000468ca43c8, width=(int)3840, height=(int)2160, framerate=(fraction)60/1, pixel-aspect-ratio=(fraction)1/1, coded-picture-structure=(string)frame, chroma-format=(string)4:2:0, bit-depth-luma=(uint)8, bit-depth-chroma=(uint)8, colorimetry=(string)bt709, parsed=(boolean)true
/GstPipeline:pipeline0/GstDecodeBin:decodebin0/GstCapsFilter:capsfilter1.GstPad:sink: caps = video/x-h264, stream-format=(string)avc, alignment=(string)au, level=(string)5.1, profile=(string)baseline, codec_data=(buffer)01420033ffe10013674200338d6803c0043e9a80808083c2211a8001000468ca43c8, width=(int)3840, height=(int)2160, framerate=(fraction)60/1, pixel-aspect-ratio=(fraction)1/1, coded-picture-structure=(string)frame, chroma-format=(string)4:2:0, bit-depth-luma=(uint)8, bit-depth-chroma=(uint)8, colorimetry=(string)bt709, parsed=(boolean)true
/GstPipeline:pipeline0/GstDecodeBin:decodebin0/GstH264Parse:h264parse0.GstPad:sink: caps = video/x-h264, stream-format=(string)avc, alignment=(string)au, level=(string)5.1, profile=(string)baseline, codec_data=(buffer)01420033ffe10013674200338d6803c0043e9a80808083c2211a8001000468ca43c8, width=(int)3840, height=(int)2160, framerate=(fraction)60/1, pixel-aspect-ratio=(fraction)1/1
/GstPipeline:pipeline0/GstDecodeBin:decodebin0/GstMultiQueue:multiqueue0.GstMultiQueuePad:src_1: caps = audio/mpeg, mpegversion=(int)4, framed=(boolean)true, stream-format=(string)raw, level=(string)2, base-profile=(string)lc, profile=(string)lc, codec_data=(buffer)1210, rate=(int)44100, channels=(int)2
/GstPipeline:pipeline0/GstDecodeBin:decodebin0/avdec_aac:avdec_aac0.GstPad:sink: caps = audio/mpeg, mpegversion=(int)4, framed=(boolean)true, stream-format=(string)raw, level=(string)2, base-profile=(string)lc, profile=(string)lc, codec_data=(buffer)1210, rate=(int)44100, channels=(int)2
/GstPipeline:pipeline0/GstDecodeBin:decodebin0/GstAacParse:aacparse0.GstPad:src: caps = audio/mpeg, mpegversion=(int)4, framed=(boolean)true, stream-format=(string)raw, level=(string)2, base-profile=(string)lc, profile=(string)lc, codec_data=(buffer)1210, rate=(int)44100, channels=(int)2
/GstPipeline:pipeline0/GstDecodeBin:decodebin0/GstAacParse:aacparse0.GstPad:sink: caps = audio/mpeg, mpegversion=(int)4, framed=(boolean)true, stream-format=(string)raw, level=(string)2, base-profile=(string)lc, profile=(string)lc, codec_data=(buffer)1210, rate=(int)44100, channels=(int)2
/GstPipeline:pipeline0/GstDecodeBin:decodebin0/GstMultiQueue:multiqueue0: max-size-buffers = 5
/GstPipeline:pipeline0/GstDecodeBin:decodebin0/GstMultiQueue:multiqueue0: max-size-time = 0
/GstPipeline:pipeline0/GstDecodeBin:decodebin0/GstMultiQueue:multiqueue0: max-size-bytes = 8388608
Redistribute latency...
/GstPipeline:pipeline0/GstDecodeBin:decodebin0/GstMultiQueue:multiqueue0.GstMultiQueuePad:sink_0: caps = video/x-h264, stream-format=(string)avc, alignment=(string)au, level=(string)5.1, profile=(string)baseline, codec_data=(buffer)01420033ffe10013674200338d6803c0043e9a80808083c2211a8001000468ca43c8, width=(int)3840, height=(int)2160, framerate=(fraction)60/1, pixel-aspect-ratio=(fraction)1/1
/GstPipeline:pipeline0/GstDecodeBin:decodebin0/GstMultiQueue:multiqueue0.GstMultiQueuePad:sink_1: caps = audio/mpeg, mpegversion=(int)4, framed=(boolean)true, stream-format=(string)raw, level=(string)2, base-profile=(string)lc, profile=(string)lc, codec_data=(buffer)1210, rate=(int)44100, channels=(int)2
/GstPipeline:pipeline0/GstDecodeBin:decodebin0/GstAacParse:aacparse0.GstPad:src: caps = audio/mpeg, mpegversion=(int)4, framed=(boolean)true, stream-format=(string)raw, level=(string)2, base-profile=(string)lc, profile=(string)lc, codec_data=(buffer)1210, rate=(int)44100, channels=(int)2
/GstPipeline:pipeline0/GstDecodeBin:decodebin0/avdec_aac:avdec_aac0.GstPad:sink: caps = audio/mpeg, mpegversion=(int)4, framed=(boolean)true, stream-format=(string)raw, level=(string)2, base-profile=(string)lc, profile=(string)lc, codec_data=(buffer)1210, rate=(int)44100, channels=(int)2
/GstPipeline:pipeline0/GstDecodeBin:decodebin0/GstMultiQueue:multiqueue0: max-size-buffers = 5
/GstPipeline:pipeline0/GstDecodeBin:decodebin0/GstMultiQueue:multiqueue0: max-size-time = 0
/GstPipeline:pipeline0/GstDecodeBin:decodebin0/GstMultiQueue:multiqueue0: max-size-bytes = 8388608
/GstPipeline:pipeline0/GstDecodeBin:decodebin0/avdec_aac:avdec_aac0.GstPad:src: caps = audio/x-raw, format=(string)F32LE, layout=(string)non-interleaved, rate=(int)44100, channels=(int)2, channel-mask=(bitmask)0x0000000000000003
/GstPipeline:pipeline0/GstDecodeBin:decodebin0/GstVaH264Dec:vah264dec0.GstPad:src: caps = video/x-raw, format=(string)NV12, width=(int)3840, height=(int)2160, interlace-mode=(string)progressive, multiview-mode=(string)mono, multiview-flags=(GstVideoMultiviewFlagsSet)0:ffffffff:/right-view-first/left-flipped/left-flopped/right-flipped/right-flopped/half-aspect/mixed-mono, pixel-aspect-ratio=(fraction)1/1, colorimetry=(string)bt709, framerate=(fraction)60/1
/GstPipeline:pipeline0/GstGvaDetect:gvadetect0.GstPad:src: caps = video/x-raw, format=(string)NV12, width=(int)3840, height=(int)2160, interlace-mode=(string)progressive, multiview-mode=(string)mono, multiview-flags=(GstVideoMultiviewFlagsSet)0:ffffffff:/right-view-first/left-flipped/left-flopped/right-flipped/right-flopped/half-aspect/mixed-mono, pixel-aspect-ratio=(fraction)1/1, colorimetry=(string)bt709, framerate=(fraction)60/1
/GstPipeline:pipeline0/GstQueue:queue0.GstPad:sink: caps = video/x-raw, format=(string)NV12, width=(int)3840, height=(int)2160, interlace-mode=(string)progressive, multiview-mode=(string)mono, multiview-flags=(GstVideoMultiviewFlagsSet)0:ffffffff:/right-view-first/left-flipped/left-flopped/right-flipped/right-flopped/half-aspect/mixed-mono, pixel-aspect-ratio=(fraction)1/1, colorimetry=(string)bt709, framerate=(fraction)60/1
/GstPipeline:pipeline0/GstGvaDetect:gvadetect0.GstPad:sink: caps = video/x-raw, format=(string)NV12, width=(int)3840, height=(int)2160, interlace-mode=(string)progressive, multiview-mode=(string)mono, multiview-flags=(GstVideoMultiviewFlagsSet)0:ffffffff:/right-view-first/left-flipped/left-flopped/right-flipped/right-flopped/half-aspect/mixed-mono, pixel-aspect-ratio=(fraction)1/1, colorimetry=(string)bt709, framerate=(fraction)60/1
/GstPipeline:pipeline0/GstDecodeBin:decodebin0.GstDecodePad:src_0.GstProxyPad:proxypad5: caps = video/x-raw, format=(string)NV12, width=(int)3840, height=(int)2160, interlace-mode=(string)progressive, multiview-mode=(string)mono, multiview-flags=(GstVideoMultiviewFlagsSet)0:ffffffff:/right-view-first/left-flipped/left-flopped/right-flipped/right-flopped/half-aspect/mixed-mono, pixel-aspect-ratio=(fraction)1/1, colorimetry=(string)bt709, framerate=(fraction)60/1
/GstPipeline:pipeline0/GstQueue:queue0.GstPad:src: caps = video/x-raw, format=(string)NV12, width=(int)3840, height=(int)2160, interlace-mode=(string)progressive, multiview-mode=(string)mono, multiview-flags=(GstVideoMultiviewFlagsSet)0:ffffffff:/right-view-first/left-flipped/left-flopped/right-flipped/right-flopped/half-aspect/mixed-mono, pixel-aspect-ratio=(fraction)1/1, colorimetry=(string)bt709, framerate=(fraction)60/1
/GstPipeline:pipeline0/GstGvaClassify:gvaclassify0.GstPad:src: caps = video/x-raw, format=(string)NV12, width=(int)3840, height=(int)2160, interlace-mode=(string)progressive, multiview-mode=(string)mono, multiview-flags=(GstVideoMultiviewFlagsSet)0:ffffffff:/right-view-first/left-flipped/left-flopped/right-flipped/right-flopped/half-aspect/mixed-mono, pixel-aspect-ratio=(fraction)1/1, colorimetry=(string)bt709, framerate=(fraction)60/1
/GstPipeline:pipeline0/GstQueue:queue1.GstPad:sink: caps = video/x-raw, format=(string)NV12, width=(int)3840, height=(int)2160, interlace-mode=(string)progressive, multiview-mode=(string)mono, multiview-flags=(GstVideoMultiviewFlagsSet)0:ffffffff:/right-view-first/left-flipped/left-flopped/right-flipped/right-flopped/half-aspect/mixed-mono, pixel-aspect-ratio=(fraction)1/1, colorimetry=(string)bt709, framerate=(fraction)60/1
/GstPipeline:pipeline0/GstGvaClassify:gvaclassify0.GstPad:sink: caps = video/x-raw, format=(string)NV12, width=(int)3840, height=(int)2160, interlace-mode=(string)progressive, multiview-mode=(string)mono, multiview-flags=(GstVideoMultiviewFlagsSet)0:ffffffff:/right-view-first/left-flipped/left-flopped/right-flipped/right-flopped/half-aspect/mixed-mono, pixel-aspect-ratio=(fraction)1/1, colorimetry=(string)bt709, framerate=(fraction)60/1
/GstPipeline:pipeline0/GstQueue:queue1.GstPad:src: caps = video/x-raw, format=(string)NV12, width=(int)3840, height=(int)2160, interlace-mode=(string)progressive, multiview-mode=(string)mono, multiview-flags=(GstVideoMultiviewFlagsSet)0:ffffffff:/right-view-first/left-flipped/left-flopped/right-flipped/right-flopped/half-aspect/mixed-mono, pixel-aspect-ratio=(fraction)1/1, colorimetry=(string)bt709, framerate=(fraction)60/1
/GstPipeline:pipeline0/GstGvaWatermark:gvawatermark0.GstGhostPad:sink.GstProxyPad:proxypad1: caps = video/x-raw, format=(string)NV12, width=(int)3840, height=(int)2160, interlace-mode=(string)progressive, multiview-mode=(string)mono, multiview-flags=(GstVideoMultiviewFlagsSet)0:ffffffff:/right-view-first/left-flipped/left-flopped/right-flipped/right-flopped/half-aspect/mixed-mono, pixel-aspect-ratio=(fraction)1/1, colorimetry=(string)bt709, framerate=(fraction)60/1
/GstPipeline:pipeline0/GstGvaWatermark:gvawatermark0/GstIdentity:identity0.GstPad:src: caps = video/x-raw, format=(string)NV12, width=(int)3840, height=(int)2160, interlace-mode=(string)progressive, multiview-mode=(string)mono, multiview-flags=(GstVideoMultiviewFlagsSet)0:ffffffff:/right-view-first/left-flipped/left-flopped/right-flipped/right-flopped/half-aspect/mixed-mono, pixel-aspect-ratio=(fraction)1/1, colorimetry=(string)bt709, framerate=(fraction)60/1
/GstPipeline:pipeline0/GstGvaWatermark:gvawatermark0/GstVaPostProc:vapostproc0.GstPad:src: caps = video/x-raw(memory:VAMemory), width=(int)3840, height=(int)2160, interlace-mode=(string)progressive, multiview-mode=(string)mono, multiview-flags=(GstVideoMultiviewFlagsSet)0:ffffffff:/right-view-first/left-flipped/left-flopped/right-flipped/right-flopped/half-aspect/mixed-mono, pixel-aspect-ratio=(fraction)1/1, framerate=(fraction)60/1, format=(string)RGBA, colorimetry=(string)1:1:5:1
/GstPipeline:pipeline0/GstGvaWatermark:gvawatermark0/GstCapsFilter:capsfilter0.GstPad:src: caps = video/x-raw(memory:VAMemory), width=(int)3840, height=(int)2160, interlace-mode=(string)progressive, multiview-mode=(string)mono, multiview-flags=(GstVideoMultiviewFlagsSet)0:ffffffff:/right-view-first/left-flipped/left-flopped/right-flipped/right-flopped/half-aspect/mixed-mono, pixel-aspect-ratio=(fraction)1/1, framerate=(fraction)60/1, format=(string)RGBA, colorimetry=(string)1:1:5:1
/GstPipeline:pipeline0/GstGvaWatermark:gvawatermark0/GstGvaWatermarkImpl:gvawatermarkimpl0.GstPad:src: caps = video/x-raw(memory:VAMemory), width=(int)3840, height=(int)2160, interlace-mode=(string)progressive, multiview-mode=(string)mono, multiview-flags=(GstVideoMultiviewFlagsSet)0:ffffffff:/right-view-first/left-flipped/left-flopped/right-flipped/right-flopped/half-aspect/mixed-mono, pixel-aspect-ratio=(fraction)1/1, framerate=(fraction)60/1, format=(string)RGBA, colorimetry=(string)1:1:5:1
/GstPipeline:pipeline0/GstGvaWatermark:gvawatermark0/GstVaPostProc:vapostproc1.GstPad:src: caps = video/x-raw, width=(int)3840, height=(int)2160, interlace-mode=(string)progressive, multiview-mode=(string)mono, multiview-flags=(GstVideoMultiviewFlagsSet)0:ffffffff:/right-view-first/left-flipped/left-flopped/right-flipped/right-flopped/half-aspect/mixed-mono, pixel-aspect-ratio=(fraction)1/1, framerate=(fraction)60/1, format=(string)RGBA, colorimetry=(string)1:1:5:1
/GstPipeline:pipeline0/GstGvaWatermark:gvawatermark0.GstGhostPad:src: caps = video/x-raw, width=(int)3840, height=(int)2160, interlace-mode=(string)progressive, multiview-mode=(string)mono, multiview-flags=(GstVideoMultiviewFlagsSet)0:ffffffff:/right-view-first/left-flipped/left-flopped/right-flipped/right-flopped/half-aspect/mixed-mono, pixel-aspect-ratio=(fraction)1/1, framerate=(fraction)60/1, format=(string)RGBA, colorimetry=(string)1:1:5:1
/GstPipeline:pipeline0/GstVideoConvert:videoconvert0.GstPad:src: caps = video/x-raw, width=(int)3840, height=(int)2160, interlace-mode=(string)progressive, multiview-mode=(string)mono, multiview-flags=(GstVideoMultiviewFlagsSet)0:ffffffff:/right-view-first/left-flipped/left-flopped/right-flipped/right-flopped/half-aspect/mixed-mono, pixel-aspect-ratio=(fraction)1/1, framerate=(fraction)60/1, format=(string)YV12, colorimetry=(string)bt709
/GstPipeline:pipeline0/GstFPSDisplaySink:fpsdisplaysink0.GstGhostPad:sink.GstProxyPad:proxypad3: caps = video/x-raw, width=(int)3840, height=(int)2160, interlace-mode=(string)progressive, multiview-mode=(string)mono, multiview-flags=(GstVideoMultiviewFlagsSet)0:ffffffff:/right-view-first/left-flipped/left-flopped/right-flipped/right-flopped/half-aspect/mixed-mono, pixel-aspect-ratio=(fraction)1/1, framerate=(fraction)60/1, format=(string)YV12, colorimetry=(string)bt709
/GstPipeline:pipeline0/GstFPSDisplaySink:fpsdisplaysink0/GstXvImageSink:xvimagesink0.GstPad:sink: caps = video/x-raw, width=(int)3840, height=(int)2160, interlace-mode=(string)progressive, multiview-mode=(string)mono, multiview-flags=(GstVideoMultiviewFlagsSet)0:ffffffff:/right-view-first/left-flipped/left-flopped/right-flipped/right-flopped/half-aspect/mixed-mono, pixel-aspect-ratio=(fraction)1/1, framerate=(fraction)60/1, format=(string)YV12, colorimetry=(string)bt709
/GstPipeline:pipeline0/GstFPSDisplaySink:fpsdisplaysink0.GstGhostPad:sink: caps = video/x-raw, width=(int)3840, height=(int)2160, interlace-mode=(string)progressive, multiview-mode=(string)mono, multiview-flags=(GstVideoMultiviewFlagsSet)0:ffffffff:/right-view-first/left-flipped/left-flopped/right-flipped/right-flopped/half-aspect/mixed-mono, pixel-aspect-ratio=(fraction)1/1, framerate=(fraction)60/1, format=(string)YV12, colorimetry=(string)bt709
/GstPipeline:pipeline0/GstVideoConvert:videoconvert0.GstPad:sink: caps = video/x-raw, width=(int)3840, height=(int)2160, interlace-mode=(string)progressive, multiview-mode=(string)mono, multiview-flags=(GstVideoMultiviewFlagsSet)0:ffffffff:/right-view-first/left-flipped/left-flopped/right-flipped/right-flopped/half-aspect/mixed-mono, pixel-aspect-ratio=(fraction)1/1, framerate=(fraction)60/1, format=(string)RGBA, colorimetry=(string)1:1:5:1
/GstPipeline:pipeline0/GstGvaWatermark:gvawatermark0.GstGhostPad:src.GstProxyPad:proxypad2: caps = video/x-raw, width=(int)3840, height=(int)2160, interlace-mode=(string)progressive, multiview-mode=(string)mono, multiview-flags=(GstVideoMultiviewFlagsSet)0:ffffffff:/right-view-first/left-flipped/left-flopped/right-flipped/right-flopped/half-aspect/mixed-mono, pixel-aspect-ratio=(fraction)1/1, framerate=(fraction)60/1, format=(string)RGBA, colorimetry=(string)1:1:5:1
/GstPipeline:pipeline0/GstGvaWatermark:gvawatermark0/GstVaPostProc:vapostproc1.GstPad:sink: caps = video/x-raw(memory:VAMemory), width=(int)3840, height=(int)2160, interlace-mode=(string)progressive, multiview-mode=(string)mono, multiview-flags=(GstVideoMultiviewFlagsSet)0:ffffffff:/right-view-first/left-flipped/left-flopped/right-flipped/right-flopped/half-aspect/mixed-mono, pixel-aspect-ratio=(fraction)1/1, framerate=(fraction)60/1, format=(string)RGBA, colorimetry=(string)1:1:5:1
/GstPipeline:pipeline0/GstGvaWatermark:gvawatermark0/GstGvaWatermarkImpl:gvawatermarkimpl0.GstPad:sink: caps = video/x-raw(memory:VAMemory), width=(int)3840, height=(int)2160, interlace-mode=(string)progressive, multiview-mode=(string)mono, multiview-flags=(GstVideoMultiviewFlagsSet)0:ffffffff:/right-view-first/left-flipped/left-flopped/right-flipped/right-flopped/half-aspect/mixed-mono, pixel-aspect-ratio=(fraction)1/1, framerate=(fraction)60/1, format=(string)RGBA, colorimetry=(string)1:1:5:1
/GstPipeline:pipeline0/GstGvaWatermark:gvawatermark0/GstCapsFilter:capsfilter0.GstPad:sink: caps = video/x-raw(memory:VAMemory), width=(int)3840, height=(int)2160, interlace-mode=(string)progressive, multiview-mode=(string)mono, multiview-flags=(GstVideoMultiviewFlagsSet)0:ffffffff:/right-view-first/left-flipped/left-flopped/right-flipped/right-flopped/half-aspect/mixed-mono, pixel-aspect-ratio=(fraction)1/1, framerate=(fraction)60/1, format=(string)RGBA, colorimetry=(string)1:1:5:1
/GstPipeline:pipeline0/GstGvaWatermark:gvawatermark0/GstVaPostProc:vapostproc0.GstPad:sink: caps = video/x-raw, format=(string)NV12, width=(int)3840, height=(int)2160, interlace-mode=(string)progressive, multiview-mode=(string)mono, multiview-flags=(GstVideoMultiviewFlagsSet)0:ffffffff:/right-view-first/left-flipped/left-flopped/right-flipped/right-flopped/half-aspect/mixed-mono, pixel-aspect-ratio=(fraction)1/1, colorimetry=(string)bt709, framerate=(fraction)60/1
/GstPipeline:pipeline0/GstGvaWatermark:gvawatermark0/GstIdentity:identity0.GstPad:sink: caps = video/x-raw, format=(string)NV12, width=(int)3840, height=(int)2160, interlace-mode=(string)progressive, multiview-mode=(string)mono, multiview-flags=(GstVideoMultiviewFlagsSet)0:ffffffff:/right-view-first/left-flipped/left-flopped/right-flipped/right-flopped/half-aspect/mixed-mono, pixel-aspect-ratio=(fraction)1/1, colorimetry=(string)bt709, framerate=(fraction)60/1
/GstPipeline:pipeline0/GstGvaWatermark:gvawatermark0.GstGhostPad:sink: caps = video/x-raw, format=(string)NV12, width=(int)3840, height=(int)2160, interlace-mode=(string)progressive, multiview-mode=(string)mono, multiview-flags=(GstVideoMultiviewFlagsSet)0:ffffffff:/right-view-first/left-flipped/left-flopped/right-flipped/right-flopped/half-aspect/mixed-mono, pixel-aspect-ratio=(fraction)1/1, colorimetry=(string)bt709, framerate=(fraction)60/1
/GstPipeline:pipeline0/GstGvaWatermark:gvawatermark0/GstVaPostProc:vapostproc0.GstPad:src: caps = NULL
/GstPipeline:pipeline0/GstGvaWatermark:gvawatermark0/GstVaPostProc:vapostproc0.GstPad:sink: caps = NULL
/GstPipeline:pipeline0/GstGvaWatermark:gvawatermark0/GstVaPostProc:vapostproc0: device-path = /dev/dri/renderD128
/GstCapsFilter:capsfilter0.GstPad:src: caps = NULL
/GstCapsFilter:capsfilter0.GstPad:sink: caps = NULL
/GstVaPostProc:vapostproc1.GstPad:src: caps = NULL
/GstVaPostProc:vapostproc1.GstPad:sink: caps = NULL
/GstVaPostProc:vapostproc1: device-path = /dev/dri/renderD128
/GstPipeline:pipeline0/GstGvaWatermark:gvawatermark0/GstVaPostProc:vapostproc2: device-path = /dev/dri/renderD128
/GstPipeline:pipeline0/GstGvaWatermark:gvawatermark0/GstGvaWatermarkImpl:gvawatermarkimpl0.GstPad:src: caps = video/x-raw, format=(string)NV12, width=(int)3840, height=(int)2160, interlace-mode=(string)progressive, multiview-mode=(string)mono, multiview-flags=(GstVideoMultiviewFlagsSet)0:ffffffff:/right-view-first/left-flipped/left-flopped/right-flipped/right-flopped/half-aspect/mixed-mono, pixel-aspect-ratio=(fraction)1/1, colorimetry=(string)bt709, framerate=(fraction)60/1
/GstPipeline:pipeline0/GstGvaWatermark:gvawatermark0/GstVaPostProc:vapostproc2.GstPad:src: caps = video/x-raw, format=(string)NV12, width=(int)3840, height=(int)2160, interlace-mode=(string)progressive, multiview-mode=(string)mono, multiview-flags=(GstVideoMultiviewFlagsSet)0:ffffffff:/right-view-first/left-flipped/left-flopped/right-flipped/right-flopped/half-aspect/mixed-mono, pixel-aspect-ratio=(fraction)1/1, colorimetry=(string)bt709, framerate=(fraction)60/1
/GstPipeline:pipeline0/GstGvaWatermark:gvawatermark0.GstGhostPad:src: caps = video/x-raw, format=(string)NV12, width=(int)3840, height=(int)2160, interlace-mode=(string)progressive, multiview-mode=(string)mono, multiview-flags=(GstVideoMultiviewFlagsSet)0:ffffffff:/right-view-first/left-flipped/left-flopped/right-flipped/right-flopped/half-aspect/mixed-mono, pixel-aspect-ratio=(fraction)1/1, colorimetry=(string)bt709, framerate=(fraction)60/1
/GstPipeline:pipeline0/GstVideoConvert:videoconvert0.GstPad:src: caps = video/x-raw, format=(string)NV12, width=(int)3840, height=(int)2160, interlace-mode=(string)progressive, multiview-mode=(string)mono, multiview-flags=(GstVideoMultiviewFlagsSet)0:ffffffff:/right-view-first/left-flipped/left-flopped/right-flipped/right-flopped/half-aspect/mixed-mono, pixel-aspect-ratio=(fraction)1/1, colorimetry=(string)bt709, framerate=(fraction)60/1
/GstPipeline:pipeline0/GstFPSDisplaySink:fpsdisplaysink0.GstGhostPad:sink.GstProxyPad:proxypad3: caps = video/x-raw, format=(string)NV12, width=(int)3840, height=(int)2160, interlace-mode=(string)progressive, multiview-mode=(string)mono, multiview-flags=(GstVideoMultiviewFlagsSet)0:ffffffff:/right-view-first/left-flipped/left-flopped/right-flipped/right-flopped/half-aspect/mixed-mono, pixel-aspect-ratio=(fraction)1/1, colorimetry=(string)bt709, framerate=(fraction)60/1
/GstPipeline:pipeline0/GstFPSDisplaySink:fpsdisplaysink0/GstXvImageSink:xvimagesink0.GstPad:sink: caps = video/x-raw, format=(string)NV12, width=(int)3840, height=(int)2160, interlace-mode=(string)progressive, multiview-mode=(string)mono, multiview-flags=(GstVideoMultiviewFlagsSet)0:ffffffff:/right-view-first/left-flipped/left-flopped/right-flipped/right-flopped/half-aspect/mixed-mono, pixel-aspect-ratio=(fraction)1/1, colorimetry=(string)bt709, framerate=(fraction)60/1
/GstPipeline:pipeline0/GstFPSDisplaySink:fpsdisplaysink0.GstGhostPad:sink: caps = video/x-raw, format=(string)NV12, width=(int)3840, height=(int)2160, interlace-mode=(string)progressive, multiview-mode=(string)mono, multiview-flags=(GstVideoMultiviewFlagsSet)0:ffffffff:/right-view-first/left-flipped/left-flopped/right-flipped/right-flopped/half-aspect/mixed-mono, pixel-aspect-ratio=(fraction)1/1, colorimetry=(string)bt709, framerate=(fraction)60/1
/GstPipeline:pipeline0/GstVideoConvert:videoconvert0.GstPad:sink: caps = video/x-raw, format=(string)NV12, width=(int)3840, height=(int)2160, interlace-mode=(string)progressive, multiview-mode=(string)mono, multiview-flags=(GstVideoMultiviewFlagsSet)0:ffffffff:/right-view-first/left-flipped/left-flopped/right-flipped/right-flopped/half-aspect/mixed-mono, pixel-aspect-ratio=(fraction)1/1, colorimetry=(string)bt709, framerate=(fraction)60/1
/GstPipeline:pipeline0/GstGvaWatermark:gvawatermark0.GstGhostPad:src.GstProxyPad:proxypad2: caps = video/x-raw, format=(string)NV12, width=(int)3840, height=(int)2160, interlace-mode=(string)progressive, multiview-mode=(string)mono, multiview-flags=(GstVideoMultiviewFlagsSet)0:ffffffff:/right-view-first/left-flipped/left-flopped/right-flipped/right-flopped/half-aspect/mixed-mono, pixel-aspect-ratio=(fraction)1/1, colorimetry=(string)bt709, framerate=(fraction)60/1
/GstPipeline:pipeline0/GstGvaWatermark:gvawatermark0/GstVaPostProc:vapostproc2.GstPad:sink: caps = video/x-raw, format=(string)NV12, width=(int)3840, height=(int)2160, interlace-mode=(string)progressive, multiview-mode=(string)mono, multiview-flags=(GstVideoMultiviewFlagsSet)0:ffffffff:/right-view-first/left-flipped/left-flopped/right-flipped/right-flopped/half-aspect/mixed-mono, pixel-aspect-ratio=(fraction)1/1, colorimetry=(string)bt709, framerate=(fraction)60/1
/GstPipeline:pipeline0/GstGvaWatermark:gvawatermark0/GstGvaWatermarkImpl:gvawatermarkimpl0.GstPad:sink: caps = video/x-raw, format=(string)NV12, width=(int)3840, height=(int)2160, interlace-mode=(string)progressive, multiview-mode=(string)mono, multiview-flags=(GstVideoMultiviewFlagsSet)0:ffffffff:/right-view-first/left-flipped/left-flopped/right-flipped/right-flopped/half-aspect/mixed-mono, pixel-aspect-ratio=(fraction)1/1, colorimetry=(string)bt709, framerate=(fraction)60/1
Pipeline is PREROLLED ...
Setting pipeline to PLAYING ...
Redistribute latency...
New clock: GstSystemClock
/GstPipeline:pipeline0/GstFPSDisplaySink:fpsdisplaysink0/GstXvImageSink:xvimagesink0: sync = false
/GstPipeline:pipeline0/GstFPSDisplaySink:fpsdisplaysink0: last-message = rendered: 4, dropped: 0, current: 7.23, average: 7.23
/GstPipeline:pipeline0/GstFPSDisplaySink:fpsdisplaysink0: last-message = rendered: 7, dropped: 0, current: 5.12, average: 6.14
/GstPipeline:pipeline0/GstFPSDisplaySink:fpsdisplaysink0: last-message = rendered: 10, dropped: 0, current: 5.29, average: 5.86
/GstPipeline:pipeline0/GstFPSDisplaySink:fpsdisplaysink0: last-message = rendered: 13, dropped: 0, current: 5.48, average: 5.77
/GstPipeline:pipeline0/GstFPSDisplaySink:fpsdisplaysink0: last-message = rendered: 16, dropped: 0, current: 5.51, average: 5.72
/GstPipeline:pipeline0/GstFPSDisplaySink:fpsdisplaysink0: last-message = rendered: 19, dropped: 0, current: 5.48, average: 5.68
/GstPipeline:pipeline0/GstFPSDisplaySink:fpsdisplaysink0: last-message = rendered: 22, dropped: 0, current: 5.31, average: 5.63
/GstPipeline:pipeline0/GstFPSDisplaySink:fpsdisplaysink0: last-message = rendered: 25, dropped: 0, current: 4.62, average: 5.48
/GstPipeline:pipeline0/GstFPSDisplaySink:fpsdisplaysink0: last-message = rendered: 28, dropped: 0, current: 5.71, average: 5.51
/GstPipeline:pipeline0/GstFPSDisplaySink:fpsdisplaysink0: last-message = rendered: 32, dropped: 0, current: 6.27, average: 5.59
/GstPipeline:pipeline0/GstFPSDisplaySink:fpsdisplaysink0: last-message = rendered: 35, dropped: 0, current: 5.11, average: 5.55
/GstPipeline:pipeline0/GstFPSDisplaySink:fpsdisplaysink0: last-message = rendered: 38, dropped: 0, current: 4.37, average: 5.43
/GstPipeline:pipeline0/GstFPSDisplaySink:fpsdisplaysink0: last-message = rendered: 41, dropped: 0, current: 4.94, average: 5.39
/GstPipeline:pipeline0/GstFPSDisplaySink:fpsdisplaysink0: last-message = rendered: 44, dropped: 0, current: 4.17, average: 5.29
/GstPipeline:pipeline0/GstFPSDisplaySink:fpsdisplaysink0: last-message = rendered: 47, dropped: 0, current: 5.24, average: 5.28
/GstPipeline:pipeline0/GstFPSDisplaySink:fpsdisplaysink0: last-message = rendered: 51, dropped: 0, current: 5.71, average: 5.31
/GstPipeline:pipeline0/GstFPSDisplaySink:fpsdisplaysink0: last-message = rendered: 54, dropped: 0, current: 5.42, average: 5.32
/GstPipeline:pipeline0/GstFPSDisplaySink:fpsdisplaysink0: last-message = rendered: 57, dropped: 0, current: 4.88, average: 5.30
/GstPipeline:pipeline0/GstFPSDisplaySink:fpsdisplaysink0: last-message = rendered: 60, dropped: 0, current: 4.80, average: 5.27
/GstPipeline:pipeline0/GstFPSDisplaySink:fpsdisplaysink0: last-message = rendered: 63, dropped: 0, current: 4.48, average: 5.22
/GstPipeline:pipeline0/GstFPSDisplaySink:fpsdisplaysink0: last-message = rendered: 66, dropped: 0, current: 5.85, average: 5.25
/GstPipeline:pipeline0/GstFPSDisplaySink:fpsdisplaysink0: last-message = rendered: 69, dropped: 0, current: 5.17, average: 5.25
/GstPipeline:pipeline0/GstFPSDisplaySink:fpsdisplaysink0: last-message = rendered: 72, dropped: 0, current: 5.86, average: 5.27
/GstPipeline:pipeline0/GstFPSDisplaySink:fpsdisplaysink0: last-message = rendered: 75, dropped: 0, current: 4.90, average: 5.25
/GstPipeline:pipeline0/GstFPSDisplaySink:fpsdisplaysink0: last-message = rendered: 78, dropped: 0, current: 5.06, average: 5.25
/GstPipeline:pipeline0/GstFPSDisplaySink:fpsdisplaysink0: last-message = rendered: 81, dropped: 0, current: 4.88, average: 5.23
/GstPipeline:pipeline0/GstFPSDisplaySink:fpsdisplaysink0: last-message = rendered: 84, dropped: 0, current: 4.98, average: 5.22
/GstPipeline:pipeline0/GstFPSDisplaySink:fpsdisplaysink0: last-message = rendered: 87, dropped: 0, current: 5.55, average: 5.23
/GstPipeline:pipeline0/GstFPSDisplaySink:fpsdisplaysink0: last-message = rendered: 91, dropped: 0, current: 5.67, average: 5.25
/GstPipeline:pipeline0/GstFPSDisplaySink:fpsdisplaysink0: last-message = rendered: 92, dropped: 0, current: 0.48, average: 4.74
/GstPipeline:pipeline0/GstFPSDisplaySink:fpsdisplaysink0: last-message = rendered: 93, dropped: 0, current: 0.14, average: 3.52
/GstPipeline:pipeline0/GstFPSDisplaySink:fpsdisplaysink0: last-message = rendered: 94, dropped: 0, current: 0.13, average: 2.74
/GstPipeline:pipeline0/GstFPSDisplaySink:fpsdisplaysink0: last-message = rendered: 95, dropped: 0, current: 0.10, average: 2.13
/GstPipeline:pipeline0/GstFPSDisplaySink:fpsdisplaysink0: last-message = rendered: 96, dropped: 0, current: 0.14, average: 1.85
/GstPipeline:pipeline0/GstFPSDisplaySink:fpsdisplaysink0: last-message = rendered: 97, dropped: 0, current: 0.11, average: 1.58
/GstPipeline:pipeline0/GstFPSDisplaySink:fpsdisplaysink0: last-message = rendered: 98, dropped: 0, current: 0.14, average: 1.43
/GstPipeline:pipeline0/GstFPSDisplaySink:fpsdisplaysink0: last-message = rendered: 99, dropped: 0, current: 0.13, average: 1.29
/GstPipeline:pipeline0/GstFPSDisplaySink:fpsdisplaysink0: last-message = rendered: 100, dropped: 0, current: 0.15, average: 1.20
/GstPipeline:pipeline0/GstFPSDisplaySink:fpsdisplaysink0: last-message = rendered: 101, dropped: 0, current: 0.13, average: 1.11
/GstPipeline:pipeline0/GstFPSDisplaySink:fpsdisplaysink0: last-message = rendered: 102, dropped: 0, current: 0.16, average: 1.05
/GstPipeline:pipeline0/GstFPSDisplaySink:fpsdisplaysink0: last-message = rendered: 103, dropped: 0, current: 0.13, average: 0.98
/GstPipeline:pipeline0/GstFPSDisplaySink:fpsdisplaysink0: last-message = rendered: 104, dropped: 0, current: 0.15, average: 0.93
/GstPipeline:pipeline0/GstFPSDisplaySink:fpsdisplaysink0: last-message = rendered: 105, dropped: 0, current: 0.13, average: 0.87
/GstPipeline:pipeline0/GstFPSDisplaySink:fpsdisplaysink0: last-message = rendered: 106, dropped: 0, current: 0.16, average: 0.84
/GstPipeline:pipeline0/GstFPSDisplaySink:fpsdisplaysink0: last-message = rendered: 107, dropped: 0, current: 0.14, average: 0.80
/GstPipeline:pipeline0/GstFPSDisplaySink:fpsdisplaysink0: last-message = rendered: 108, dropped: 0, current: 0.15, average: 0.77
/GstPipeline:pipeline0/GstFPSDisplaySink:fpsdisplaysink0: last-message = rendered: 109, dropped: 0, current: 0.13, average: 0.74
/GstPipeline:pipeline0/GstFPSDisplaySink:fpsdisplaysink0: last-message = rendered: 110, dropped: 0, current: 0.16, average: 0.71
/GstPipeline:pipeline0/GstFPSDisplaySink:fpsdisplaysink0: last-message = rendered: 111, dropped: 0, current: 0.14, average: 0.69
/GstPipeline:pipeline0/GstFPSDisplaySink:fpsdisplaysink0: last-message = rendered: 112, dropped: 0, current: 0.15, average: 0.67
/GstPipeline:pipeline0/GstFPSDisplaySink:fpsdisplaysink0: last-message = rendered: 113, dropped: 0, current: 0.11, average: 0.64
/GstPipeline:pipeline0/GstFPSDisplaySink:fpsdisplaysink0: last-message = rendered: 114, dropped: 0, current: 0.14, average: 0.62
/GstPipeline:pipeline0/GstFPSDisplaySink:fpsdisplaysink0: last-message = rendered: 115, dropped: 0, current: 0.16, average: 0.60
/GstPipeline:pipeline0/GstFPSDisplaySink:fpsdisplaysink0: last-message = rendered: 116, dropped: 0, current: 0.28, average: 0.60
/GstPipeline:pipeline0/GstFPSDisplaySink:fpsdisplaysink0: last-message = rendered: 117, dropped: 0, current: 0.16, average: 0.58
/GstPipeline:pipeline0/GstFPSDisplaySink:fpsdisplaysink0: last-message = rendered: 118, dropped: 0, current: 0.15, average: 0.57
/GstPipeline:pipeline0/GstFPSDisplaySink:fpsdisplaysink0: last-message = rendered: 119, dropped: 0, current: 0.15, average: 0.56
/GstPipeline:pipeline0/GstFPSDisplaySink:fpsdisplaysink0: last-message = rendered: 120, dropped: 0, current: 0.15, average: 0.54
/GstPipeline:pipeline0/GstFPSDisplaySink:fpsdisplaysink0: last-message = rendered: 121, dropped: 0, current: 0.14, average: 0.53
/GstPipeline:pipeline0/GstFPSDisplaySink:fpsdisplaysink0: last-message = rendered: 122, dropped: 0, current: 0.14, average: 0.52
/GstPipeline:pipeline0/GstFPSDisplaySink:fpsdisplaysink0: last-message = rendered: 123, dropped: 0, current: 0.13, average: 0.51
/GstPipeline:pipeline0/GstFPSDisplaySink:fpsdisplaysink0: last-message = rendered: 124, dropped: 0, current: 0.12, average: 0.50
/GstPipeline:pipeline0/GstFPSDisplaySink:fpsdisplaysink0: last-message = rendered: 125, dropped: 0, current: 0.12, average: 0.48
/GstPipeline:pipeline0/GstFPSDisplaySink:fpsdisplaysink0: last-message = rendered: 126, dropped: 0, current: 0.16, average: 0.48
/GstPipeline:pipeline0/GstFPSDisplaySink:fpsdisplaysink0: last-message = rendered: 127, dropped: 0, current: 0.13, average: 0.47
/GstPipeline:pipeline0/GstFPSDisplaySink:fpsdisplaysink0: last-message = rendered: 128, dropped: 0, current: 0.12, average: 0.46
/GstPipeline:pipeline0/GstFPSDisplaySink:fpsdisplaysink0: last-message = rendered: 129, dropped: 0, current: 0.12, average: 0.45
/GstPipeline:pipeline0/GstFPSDisplaySink:fpsdisplaysink0: last-message = rendered: 130, dropped: 0, current: 0.13, average: 0.44
/GstPipeline:pipeline0/GstFPSDisplaySink:fpsdisplaysink0: last-message = rendered: 131, dropped: 0, current: 0.11, average: 0.43
/GstPipeline:pipeline0/GstFPSDisplaySink:fpsdisplaysink0: last-message = rendered: 132, dropped: 0, current: 0.13, average: 0.42
/GstPipeline:pipeline0/GstFPSDisplaySink:fpsdisplaysink0: last-message = rendered: 133, dropped: 0, current: 0.10, average: 0.41
/GstPipeline:pipeline0/GstFPSDisplaySink:fpsdisplaysink0: last-message = rendered: 134, dropped: 0, current: 0.13, average: 0.40
/GstPipeline:pipeline0/GstFPSDisplaySink:fpsdisplaysink0: last-message = rendered: 135, dropped: 0, current: 0.14, average: 0.40
/GstPipeline:pipeline0/GstFPSDisplaySink:fpsdisplaysink0: last-message = rendered: 136, dropped: 0, current: 0.16, average: 0.39
/GstPipeline:pipeline0/GstFPSDisplaySink:fpsdisplaysink0: last-message = rendered: 137, dropped: 0, current: 0.14, average: 0.39
/GstPipeline:pipeline0/GstFPSDisplaySink:fpsdisplaysink0: last-message = rendered: 138, dropped: 0, current: 0.13, average: 0.38
/GstPipeline:pipeline0/GstFPSDisplaySink:fpsdisplaysink0: last-message = rendered: 139, dropped: 0, current: 0.14, average: 0.38
/GstPipeline:pipeline0/GstFPSDisplaySink:fpsdisplaysink0: last-message = rendered: 140, dropped: 0, current: 0.20, average: 0.38
/GstPipeline:pipeline0/GstFPSDisplaySink:fpsdisplaysink0: last-message = rendered: 141, dropped: 0, current: 0.14, average: 0.37
/GstPipeline:pipeline0/GstFPSDisplaySink:fpsdisplaysink0: last-message = rendered: 142, dropped: 0, current: 0.15, average: 0.37
/GstPipeline:pipeline0/GstFPSDisplaySink:fpsdisplaysink0: last-message = rendered: 143, dropped: 0, current: 0.17, average: 0.37
/GstPipeline:pipeline0/GstFPSDisplaySink:fpsdisplaysink0: last-message = rendered: 144, dropped: 0, current: 0.18, average: 0.36
/GstPipeline:pipeline0/GstFPSDisplaySink:fpsdisplaysink0: last-message = rendered: 145, dropped: 0, current: 0.15, average: 0.36
/GstPipeline:pipeline0/GstFPSDisplaySink:fpsdisplaysink0: last-message = rendered: 146, dropped: 0, current: 0.18, average: 0.36
/GstPipeline:pipeline0/GstFPSDisplaySink:fpsdisplaysink0: last-message = rendered: 147, dropped: 0, current: 0.14, average: 0.35
/GstPipeline:pipeline0/GstFPSDisplaySink:fpsdisplaysink0: last-message = rendered: 148, dropped: 0, current: 0.24, average: 0.35
